0 info it worked if it ends with ok
1 verbose cli [ 'node', '/usr/local/bin/npm', 'update', 'npm', '-g' ]
2 info using npm@1.4.9
3 info using node@v0.10.28
4 verbose node symlink /usr/local/bin/node
5 verbose url raw npm
6 verbose url resolving [ 'https://registry.npmjs.org/', './npm' ]
7 verbose url resolved https://registry.npmjs.org/npm
8 info trying registry request attempt 1 at 17:49:28
9 verbose etag "D2DVJAHD8QDXIV9NPSQQ8G7Y0"
10 http GET https://registry.npmjs.org/npm
11 verbose url raw npm
12 verbose url resolving [ 'https://registry.npmjs.org/', './npm' ]
13 verbose url resolved https://registry.npmjs.org/npm
14 info trying registry request attempt 1 at 17:49:28
15 verbose etag "D2DVJAHD8QDXIV9NPSQQ8G7Y0"
16 http GET https://registry.npmjs.org/npm
17 verbose url raw npm
18 verbose url resolving [ 'https://registry.npmjs.org/', './npm' ]
19 verbose url resolved https://registry.npmjs.org/npm
20 info trying registry request attempt 1 at 17:49:28
21 verbose etag "D2DVJAHD8QDXIV9NPSQQ8G7Y0"
22 http GET https://registry.npmjs.org/npm
23 http 304 https://registry.npmjs.org/npm
24 silly registry.get cb [ 304,
24 silly registry.get   { date: 'Tue, 13 May 2014 22:49:28 GMT',
24 silly registry.get     server: 'Apache',
24 silly registry.get     via: '1.1 varnish',
24 silly registry.get     'last-modified': 'Tue, 13 May 2014 22:49:28 GMT',
24 silly registry.get     'cache-control': 'max-age=1',
24 silly registry.get     etag: '"D2DVJAHD8QDXIV9NPSQQ8G7Y0"',
24 silly registry.get     'x-served-by': 'cache-c101-CHI',
24 silly registry.get     'x-cache': 'HIT',
24 silly registry.get     'x-cache-hits': '2',
24 silly registry.get     'x-timer': 'S1400021368.670773506,VS0,VE119',
24 silly registry.get     vary: 'Accept',
24 silly registry.get     'content-length': '0',
24 silly registry.get     'keep-alive': 'timeout=10, max=50',
24 silly registry.get     connection: 'Keep-Alive' } ]
25 verbose etag npm from cache
26 http 304 https://registry.npmjs.org/npm
27 silly registry.get cb [ 304,
27 silly registry.get   { date: 'Tue, 13 May 2014 22:49:28 GMT',
27 silly registry.get     server: 'Apache',
27 silly registry.get     via: '1.1 varnish',
27 silly registry.get     'last-modified': 'Tue, 13 May 2014 22:49:28 GMT',
27 silly registry.get     'cache-control': 'max-age=1',
27 silly registry.get     etag: '"D2DVJAHD8QDXIV9NPSQQ8G7Y0"',
27 silly registry.get     'x-served-by': 'cache-c100-CHI',
27 silly registry.get     'x-cache': 'MISS',
27 silly registry.get     'x-cache-hits': '0',
27 silly registry.get     'x-timer': 'S1400021368.684899330,VS0,VE104',
27 silly registry.get     vary: 'Accept',
27 silly registry.get     'content-length': '0',
27 silly registry.get     'keep-alive': 'timeout=10, max=50',
27 silly registry.get     connection: 'Keep-Alive' } ]
28 verbose etag npm from cache
29 http 304 https://registry.npmjs.org/npm
30 silly registry.get cb [ 304,
30 silly registry.get   { date: 'Tue, 13 May 2014 22:49:28 GMT',
30 silly registry.get     server: 'Apache',
30 silly registry.get     via: '1.1 varnish',
30 silly registry.get     'last-modified': 'Tue, 13 May 2014 22:49:28 GMT',
30 silly registry.get     'cache-control': 'max-age=1',
30 silly registry.get     etag: '"D2DVJAHD8QDXIV9NPSQQ8G7Y0"',
30 silly registry.get     'x-served-by': 'cache-c99-CHI',
30 silly registry.get     'x-cache': 'HIT',
30 silly registry.get     'x-cache-hits': '1',
30 silly registry.get     'x-timer': 'S1400021368.678356409,VS0,VE114',
30 silly registry.get     vary: 'Accept',
30 silly registry.get     'content-length': '0',
30 silly registry.get     'keep-alive': 'timeout=10, max=50',
30 silly registry.get     connection: 'Keep-Alive' } ]
31 verbose etag npm from cache
32 info outdated updating [ [ '/usr/local/lib/node_modules/phonegap/node_modules/cordova/node_modules/plugman',
32 info outdated     'npm',
32 info outdated     '1.3.4',
32 info outdated     '1.3.4',
32 info outdated     '1.4.10',
32 info outdated     '1.3.4' ],
32 info outdated   [ '/usr/local/lib', 'npm', '1.4.9', '1.4.10', '1.4.10', '*' ],
32 info outdated   [ '/usr/local/lib/node_modules/cordova/node_modules/plugman',
32 info outdated     'npm',
32 info outdated     '1.3.4',
32 info outdated     '1.3.4',
32 info outdated     '1.4.10',
32 info outdated     '1.3.4' ] ]
33 verbose install where,what [ '/usr/local/lib/node_modules/phonegap/node_modules/cordova/node_modules/plugman',
33 verbose install   [ 'npm@1.3.4' ] ]
34 verbose install where,what [ '/usr/local/lib', [ 'npm@1.4.10' ] ]
35 verbose install where,what [ '/usr/local/lib/node_modules/cordova/node_modules/plugman',
35 verbose install   [ 'npm@1.3.4' ] ]
36 verbose readDependencies using package.json deps
37 verbose cache add [ 'npm@1.3.4', null ]
38 verbose cache add name=undefined spec="npm@1.3.4" args=["npm@1.3.4",null]
39 verbose parsed url { protocol: null,
39 verbose parsed url   slashes: null,
39 verbose parsed url   auth: null,
39 verbose parsed url   host: null,
39 verbose parsed url   port: null,
39 verbose parsed url   hostname: null,
39 verbose parsed url   hash: null,
39 verbose parsed url   search: null,
39 verbose parsed url   query: null,
39 verbose parsed url   pathname: 'npm@1.3.4',
39 verbose parsed url   path: 'npm@1.3.4',
39 verbose parsed url   href: 'npm@1.3.4' }
40 verbose cache add name="npm" spec="1.3.4" args=["npm","1.3.4"]
41 verbose parsed url { protocol: null,
41 verbose parsed url   slashes: null,
41 verbose parsed url   auth: null,
41 verbose parsed url   host: null,
41 verbose parsed url   port: null,
41 verbose parsed url   hostname: null,
41 verbose parsed url   hash: null,
41 verbose parsed url   search: null,
41 verbose parsed url   query: null,
41 verbose parsed url   pathname: '1.3.4',
41 verbose parsed url   path: '1.3.4',
41 verbose parsed url   href: '1.3.4' }
42 verbose addNamed [ 'npm', '1.3.4' ]
43 verbose addNamed [ '1.3.4', '1.3.4' ]
44 silly lockFile 6563a3cc-npm-1-3-4 npm@1.3.4
45 verbose lock npm@1.3.4 /Volumes/1_TB_HDD/griffin/.npm/6563a3cc-npm-1-3-4.lock
46 verbose cache add [ 'npm@1.4.10', null ]
47 verbose cache add name=undefined spec="npm@1.4.10" args=["npm@1.4.10",null]
48 verbose parsed url { protocol: null,
48 verbose parsed url   slashes: null,
48 verbose parsed url   auth: null,
48 verbose parsed url   host: null,
48 verbose parsed url   port: null,
48 verbose parsed url   hostname: null,
48 verbose parsed url   hash: null,
48 verbose parsed url   search: null,
48 verbose parsed url   query: null,
48 verbose parsed url   pathname: 'npm@1.4.10',
48 verbose parsed url   path: 'npm@1.4.10',
48 verbose parsed url   href: 'npm@1.4.10' }
49 verbose cache add name="npm" spec="1.4.10" args=["npm","1.4.10"]
50 verbose parsed url { protocol: null,
50 verbose parsed url   slashes: null,
50 verbose parsed url   auth: null,
50 verbose parsed url   host: null,
50 verbose parsed url   port: null,
50 verbose parsed url   hostname: null,
50 verbose parsed url   hash: null,
50 verbose parsed url   search: null,
50 verbose parsed url   query: null,
50 verbose parsed url   pathname: '1.4.10',
50 verbose parsed url   path: '1.4.10',
50 verbose parsed url   href: '1.4.10' }
51 verbose addNamed [ 'npm', '1.4.10' ]
52 verbose addNamed [ '1.4.10', '1.4.10' ]
53 silly lockFile 2418b2fc-npm-1-4-10 npm@1.4.10
54 verbose lock npm@1.4.10 /Volumes/1_TB_HDD/griffin/.npm/2418b2fc-npm-1-4-10.lock
55 info shrinkwrap file "/usr/local/lib/node_modules/cordova/node_modules/plugman/npm-shrinkwrap.json"
56 verbose readDependencies returned deps { 'bplist-parser': '0.0.5',
56 verbose readDependencies returned deps   'dep-graph': '1.1.0',
56 verbose readDependencies returned deps   elementtree: '0.1.5',
56 verbose readDependencies returned deps   glob: '3.2.9',
56 verbose readDependencies returned deps   nopt: '1.0.10',
56 verbose readDependencies returned deps   npm: '1.3.4',
56 verbose readDependencies returned deps   'plist-with-patches': '0.5.1',
56 verbose readDependencies returned deps   q: '0.9.7',
56 verbose readDependencies returned deps   rc: '0.3.0',
56 verbose readDependencies returned deps   request: '2.22.0',
56 verbose readDependencies returned deps   semver: '2.0.11',
56 verbose readDependencies returned deps   shelljs: '0.1.4',
56 verbose readDependencies returned deps   tar: '0.1.19',
56 verbose readDependencies returned deps   underscore: '1.4.4',
56 verbose readDependencies returned deps   xcode: '0.6.6' }
57 verbose cache add [ 'npm@1.3.4', null ]
58 verbose cache add name=undefined spec="npm@1.3.4" args=["npm@1.3.4",null]
59 verbose parsed url { protocol: null,
59 verbose parsed url   slashes: null,
59 verbose parsed url   auth: null,
59 verbose parsed url   host: null,
59 verbose parsed url   port: null,
59 verbose parsed url   hostname: null,
59 verbose parsed url   hash: null,
59 verbose parsed url   search: null,
59 verbose parsed url   query: null,
59 verbose parsed url   pathname: 'npm@1.3.4',
59 verbose parsed url   path: 'npm@1.3.4',
59 verbose parsed url   href: 'npm@1.3.4' }
60 verbose cache add name="npm" spec="1.3.4" args=["npm","1.3.4"]
61 verbose parsed url { protocol: null,
61 verbose parsed url   slashes: null,
61 verbose parsed url   auth: null,
61 verbose parsed url   host: null,
61 verbose parsed url   port: null,
61 verbose parsed url   hostname: null,
61 verbose parsed url   hash: null,
61 verbose parsed url   search: null,
61 verbose parsed url   query: null,
61 verbose parsed url   pathname: '1.3.4',
61 verbose parsed url   path: '1.3.4',
61 verbose parsed url   href: '1.3.4' }
62 verbose addNamed [ 'npm', '1.3.4' ]
63 verbose registry.get npm not expired, no request
64 verbose registry.get npm not expired, no request
65 silly lockFile 6563a3cc-npm-1-3-4 npm@1.3.4
66 silly lockFile 6563a3cc-npm-1-3-4 npm@1.3.4
67 silly lockFile 2418b2fc-npm-1-4-10 npm@1.4.10
68 silly lockFile 2418b2fc-npm-1-4-10 npm@1.4.10
69 silly resolved [ { version: '1.3.4',
69 silly resolved     name: 'npm',
69 silly resolved     publishConfig: { 'proprietary-attribs': false },
69 silly resolved     description: 'A package manager for node',
69 silly resolved     keywords: [ 'package manager', 'modules', 'install', 'package.json' ],
69 silly resolved     preferGlobal: true,
69 silly resolved     config: { publishtest: false },
69 silly resolved     homepage: 'https://npmjs.org/doc/',
69 silly resolved     author:
69 silly resolved      { name: 'Isaac Z. Schlueter',
69 silly resolved        email: 'i@izs.me',
69 silly resolved        url: 'http://blog.izs.me' },
69 silly resolved     repository: { type: 'git', url: 'https://github.com/isaacs/npm' },
69 silly resolved     bugs:
69 silly resolved      { url: 'http://github.com/isaacs/npm/issues',
69 silly resolved        email: 'npm-@googlegroups.com' },
69 silly resolved     directories: { doc: './doc', man: './man', lib: './lib', bin: './bin' },
69 silly resolved     main: './lib/npm.js',
69 silly resolved     bin: { npm: './bin/npm-cli.js' },
69 silly resolved     dependencies:
69 silly resolved      { semver: '~2.0.8',
69 silly resolved        ini: '~1.1.0',
69 silly resolved        slide: '~1.1.4',
69 silly resolved        abbrev: '~1.0.4',
69 silly resolved        'graceful-fs': '~2.0.0',
69 silly resolved        minimatch: '~0.2.12',
69 silly resolved        nopt: '~2.1.1',
69 silly resolved        rimraf: '~2.2.0',
69 silly resolved        request: '~2.21.0',
69 silly resolved        which: '1',
69 silly resolved        tar: '~0.1.17',
69 silly resolved        fstream: '~0.1.23',
69 silly resolved        'block-stream': '*',
69 silly resolved        inherits: '1',
69 silly resolved        mkdirp: '~0.3.3',
69 silly resolved        read: '~1.0.4',
69 silly resolved        'lru-cache': '~2.3.0',
69 silly resolved        'node-gyp': '~0.10.6',
69 silly resolved        'fstream-npm': '~0.1.3',
69 silly resolved        'uid-number': '0',
69 silly resolved        archy: '0',
69 silly resolved        chownr: '0',
69 silly resolved        npmlog: '0.0.4',
69 silly resolved        ansi: '~0.1.2',
69 silly resolved        'npm-registry-client': '~0.2.27',
69 silly resolved        'read-package-json': '~1.1.0',
69 silly resolved        'read-installed': '~0.2.2',
69 silly resolved        glob: '~3.2.3',
69 silly resolved        'init-package-json': '0.0.10',
69 silly resolved        osenv: '0',
69 silly resolved        lockfile: '~0.4.0',
69 silly resolved        retry: '~0.6.0',
69 silly resolved        once: '~1.1.1',
69 silly resolved        npmconf: '~0.1.1',
69 silly resolved        opener: '~1.3.0',
69 silly resolved        chmodr: '~0.1.0',
69 silly resolved        'cmd-shim': '~1.1.0',
69 silly resolved        sha: '~1.0.1',
69 silly resolved        editor: '0.0.4',
69 silly resolved        'child-process-close': '~0.1.1',
69 silly resolved        'npm-user-validate': '0.0.3' },
69 silly resolved     bundleDependencies:
69 silly resolved      [ 'semver',
69 silly resolved        'ini',
69 silly resolved        'slide',
69 silly resolved        'abbrev',
69 silly resolved        'graceful-fs',
69 silly resolved        'minimatch',
69 silly resolved        'nopt',
69 silly resolved        'rimraf',
69 silly resolved        'request',
69 silly resolved        'which',
69 silly resolved        'tar',
69 silly resolved        'fstream',
69 silly resolved        'block-stream',
69 silly resolved        'inherits',
69 silly resolved        'mkdirp',
69 silly resolved        'read',
69 silly resolved        'lru-cache',
69 silly resolved        'node-gyp',
69 silly resolved        'fstream-npm',
69 silly resolved        'uid-number',
69 silly resolved        'archy',
69 silly resolved        'chownr',
69 silly resolved        'npmlog',
69 silly resolved        'ansi',
69 silly resolved        'npm-registry-client',
69 silly resolved        'read-package-json',
69 silly resolved        'read-installed',
69 silly resolved        'glob',
69 silly resolved        'init-package-json',
69 silly resolved        'osenv',
69 silly resolved        'lockfile',
69 silly resolved        'retry',
69 silly resolved        'once',
69 silly resolved        'npmconf',
69 silly resolved        'opener',
69 silly resolved        'chmodr',
69 silly resolved        'cmd-shim',
69 silly resolved        'sha',
69 silly resolved        'child-process-close',
69 silly resolved        'editor',
69 silly resolved        'npm-user-validate',
69 silly resolved        'normalize-package-data' ],
69 silly resolved     devDependencies: { ronn: '~0.3.6', tap: '~0.4.0' },
69 silly resolved     engines: { node: '>=0.6', npm: '1' },
69 silly resolved     scripts:
69 silly resolved      { test: 'node ./test/run.js && tap test/tap/*.js',
69 silly resolved        tap: 'tap test/tap/*.js',
69 silly resolved        prepublish: 'node bin/npm-cli.js prune ; rm -rf test/*/*/node_modules ; make -j4 doc',
69 silly resolved        dumpconf: 'env | grep npm | sort | uniq',
69 silly resolved        echo: 'node bin/npm-cli.js' },
69 silly resolved     licenses: [ [Object] ],
69 silly resolved     man:
69 silly resolved      [ '/Volumes/1_TB_HDD/griffin/.npm/npm/1.3.4/package/man/man1/npm-README.1',
69 silly resolved        '/Volumes/1_TB_HDD/griffin/.npm/npm/1.3.4/package/man/man1/npm-adduser.1',
69 silly resolved        '/Volumes/1_TB_HDD/griffin/.npm/npm/1.3.4/package/man/man1/npm-bin.1',
69 silly resolved        '/Volumes/1_TB_HDD/griffin/.npm/npm/1.3.4/package/man/man1/npm-bugs.1',
69 silly resolved        '/Volumes/1_TB_HDD/griffin/.npm/npm/1.3.4/package/man/man1/npm-build.1',
69 silly resolved        '/Volumes/1_TB_HDD/griffin/.npm/npm/1.3.4/package/man/man1/npm-bundle.1',
69 silly resolved        '/Volumes/1_TB_HDD/griffin/.npm/npm/1.3.4/package/man/man1/npm-cache.1',
69 silly resolved        '/Volumes/1_TB_HDD/griffin/.npm/npm/1.3.4/package/man/man1/npm-completion.1',
69 silly resolved        '/Volumes/1_TB_HDD/griffin/.npm/npm/1.3.4/package/man/man1/npm-config.1',
69 silly resolved        '/Volumes/1_TB_HDD/griffin/.npm/npm/1.3.4/package/man/man1/npm-dedupe.1',
69 silly resolved        '/Volumes/1_TB_HDD/griffin/.npm/npm/1.3.4/package/man/man1/npm-deprecate.1',
69 silly resolved        '/Volumes/1_TB_HDD/griffin/.npm/npm/1.3.4/package/man/man1/npm-docs.1',
69 silly resolved        '/Volumes/1_TB_HDD/griffin/.npm/npm/1.3.4/package/man/man1/npm-edit.1',
69 silly resolved        '/Volumes/1_TB_HDD/griffin/.npm/npm/1.3.4/package/man/man1/npm-explore.1',
69 silly resolved        '/Volumes/1_TB_HDD/griffin/.npm/npm/1.3.4/package/man/man1/npm-help-search.1',
69 silly resolved        '/Volumes/1_TB_HDD/griffin/.npm/npm/1.3.4/package/man/man1/npm-help.1',
69 silly resolved        '/Volumes/1_TB_HDD/griffin/.npm/npm/1.3.4/package/man/man1/npm-init.1',
69 silly resolved        '/Volumes/1_TB_HDD/griffin/.npm/npm/1.3.4/package/man/man1/npm-install.1',
69 silly resolved        '/Volumes/1_TB_HDD/griffin/.npm/npm/1.3.4/package/man/man1/npm-link.1',
69 silly resolved        '/Volumes/1_TB_HDD/griffin/.npm/npm/1.3.4/package/man/man1/npm-ls.1',
69 silly resolved        '/Volumes/1_TB_HDD/griffin/.npm/npm/1.3.4/package/man/man1/npm-outdated.1',
69 silly resolved        '/Volumes/1_TB_HDD/griffin/.npm/npm/1.3.4/package/man/man1/npm-owner.1',
69 silly resolved        '/Volumes/1_TB_HDD/griffin/.npm/npm/1.3.4/package/man/man1/npm-pack.1',
69 silly resolved        '/Volumes/1_TB_HDD/griffin/.npm/npm/1.3.4/package/man/man1/npm-prefix.1',
69 silly resolved        '/Volumes/1_TB_HDD/griffin/.npm/npm/1.3.4/package/man/man1/npm-prune.1',
69 silly resolved        '/Volumes/1_TB_HDD/griffin/.npm/npm/1.3.4/package/man/man1/npm-publish.1',
69 silly resolved        '/Volumes/1_TB_HDD/griffin/.npm/npm/1.3.4/package/man/man1/npm-rebuild.1',
69 silly resolved        '/Volumes/1_TB_HDD/griffin/.npm/npm/1.3.4/package/man/man1/npm-restart.1',
69 silly resolved        '/Volumes/1_TB_HDD/griffin/.npm/npm/1.3.4/package/man/man1/npm-rm.1',
69 silly resolved        '/Volumes/1_TB_HDD/griffin/.npm/npm/1.3.4/package/man/man1/npm-root.1',
69 silly resolved        '/Volumes/1_TB_HDD/griffin/.npm/npm/1.3.4/package/man/man1/npm-run-script.1',
69 silly resolved        '/Volumes/1_TB_HDD/griffin/.npm/npm/1.3.4/package/man/man1/npm-search.1',
69 silly resolved        '/Volumes/1_TB_HDD/griffin/.npm/npm/1.3.4/package/man/man1/npm-shrinkwrap.1',
69 silly resolved        '/Volumes/1_TB_HDD/griffin/.npm/npm/1.3.4/package/man/man1/npm-star.1',
69 silly resolved        '/Volumes/1_TB_HDD/griffin/.npm/npm/1.3.4/package/man/man1/npm-stars.1',
69 silly resolved        '/Volumes/1_TB_HDD/griffin/.npm/npm/1.3.4/package/man/man1/npm-start.1',
69 silly resolved        '/Volumes/1_TB_HDD/griffin/.npm/npm/1.3.4/package/man/man1/npm-stop.1',
69 silly resolved        '/Volumes/1_TB_HDD/griffin/.npm/npm/1.3.4/package/man/man1/npm-submodule.1',
69 silly resolved        '/Volumes/1_TB_HDD/griffin/.npm/npm/1.3.4/package/man/man1/npm-tag.1',
69 silly resolved        '/Volumes/1_TB_HDD/griffin/.npm/npm/1.3.4/package/man/man1/npm-test.1',
69 silly resolved        '/Volumes/1_TB_HDD/griffin/.npm/npm/1.3.4/package/man/man1/npm-uninstall.1',
69 silly resolved        '/Volumes/1_TB_HDD/griffin/.npm/npm/1.3.4/package/man/man1/npm-unpublish.1',
69 silly resolved        '/Volumes/1_TB_HDD/griffin/.npm/npm/1.3.4/package/man/man1/npm-update.1',
69 silly resolved        '/Volumes/1_TB_HDD/griffin/.npm/npm/1.3.4/package/man/man1/npm-version.1',
69 silly resolved        '/Volumes/1_TB_HDD/griffin/.npm/npm/1.3.4/package/man/man1/npm-view.1',
69 silly resolved        '/Volumes/1_TB_HDD/griffin/.npm/npm/1.3.4/package/man/man1/npm-whoami.1',
69 silly resolved        '/Volumes/1_TB_HDD/griffin/.npm/npm/1.3.4/package/man/man1/npm.1',
69 silly resolved        '/Volumes/1_TB_HDD/griffin/.npm/npm/1.3.4/package/man/man3/npm-bin.3',
69 silly resolved        '/Volumes/1_TB_HDD/griffin/.npm/npm/1.3.4/package/man/man3/npm-bugs.3',
69 silly resolved        '/Volumes/1_TB_HDD/griffin/.npm/npm/1.3.4/package/man/man3/npm-commands.3',
69 silly resolved        '/Volumes/1_TB_HDD/griffin/.npm/npm/1.3.4/package/man/man3/npm-config.3',
69 silly resolved        '/Volumes/1_TB_HDD/griffin/.npm/npm/1.3.4/package/man/man3/npm-deprecate.3',
69 silly resolved        '/Volumes/1_TB_HDD/griffin/.npm/npm/1.3.4/package/man/man3/npm-docs.3',
69 silly resolved        '/Volumes/1_TB_HDD/griffin/.npm/npm/1.3.4/package/man/man3/npm-edit.3',
69 silly resolved        '/Volumes/1_TB_HDD/griffin/.npm/npm/1.3.4/package/man/man3/npm-explore.3',
69 silly resolved        '/Volumes/1_TB_HDD/griffin/.npm/npm/1.3.4/package/man/man3/npm-help-search.3',
69 silly resolved        '/Volumes/1_TB_HDD/griffin/.npm/npm/1.3.4/package/man/man3/npm-init.3',
69 silly resolved        '/Volumes/1_TB_HDD/griffin/.npm/npm/1.3.4/package/man/man3/npm-install.3',
69 silly resolved        '/Volumes/1_TB_HDD/griffin/.npm/npm/1.3.4/package/man/man3/npm-link.3',
69 silly resolved        '/Volumes/1_TB_HDD/griffin/.npm/npm/1.3.4/package/man/man3/npm-load.3',
69 silly resolved        '/Volumes/1_TB_HDD/griffin/.npm/npm/1.3.4/package/man/man3/npm-ls.3',
69 silly resolved        '/Volumes/1_TB_HDD/griffin/.npm/npm/1.3.4/package/man/man3/npm-outdated.3',
69 silly resolved        '/Volumes/1_TB_HDD/griffin/.npm/npm/1.3.4/package/man/man3/npm-owner.3',
69 silly resolved        '/Volumes/1_TB_HDD/griffin/.npm/npm/1.3.4/package/man/man3/npm-pack.3',
69 silly resolved        '/Volumes/1_TB_HDD/griffin/.npm/npm/1.3.4/package/man/man3/npm-prefix.3',
69 silly resolved        '/Volumes/1_TB_HDD/griffin/.npm/npm/1.3.4/package/man/man3/npm-prune.3',
69 silly resolved        '/Volumes/1_TB_HDD/griffin/.npm/npm/1.3.4/package/man/man3/npm-publish.3',
69 silly resolved        '/Volumes/1_TB_HDD/griffin/.npm/npm/1.3.4/package/man/man3/npm-rebuild.3',
69 silly resolved        '/Volumes/1_TB_HDD/griffin/.npm/npm/1.3.4/package/man/man3/npm-restart.3',
69 silly resolved        '/Volumes/1_TB_HDD/griffin/.npm/npm/1.3.4/package/man/man3/npm-root.3',
69 silly resolved        '/Volumes/1_TB_HDD/griffin/.npm/npm/1.3.4/package/man/man3/npm-run-script.3',
69 silly resolved        '/Volumes/1_TB_HDD/griffin/.npm/npm/1.3.4/package/man/man3/npm-search.3',
69 silly resolved        '/Volumes/1_TB_HDD/griffin/.npm/npm/1.3.4/package/man/man3/npm-shrinkwrap.3',
69 silly resolved        '/Volumes/1_TB_HDD/griffin/.npm/npm/1.3.4/package/man/man3/npm-start.3',
69 silly resolved        '/Volumes/1_TB_HDD/griffin/.npm/npm/1.3.4/package/man/man3/npm-stop.3',
69 silly resolved        '/Volumes/1_TB_HDD/griffin/.npm/npm/1.3.4/package/man/man3/npm-submodule.3',
69 silly resolved        '/Volumes/1_TB_HDD/griffin/.npm/npm/1.3.4/package/man/man3/npm-tag.3',
69 silly resolved        '/Volumes/1_TB_HDD/griffin/.npm/npm/1.3.4/package/man/man3/npm-test.3',
69 silly resolved        '/Volumes/1_TB_HDD/griffin/.npm/npm/1.3.4/package/man/man3/npm-uninstall.3',
69 silly resolved        '/Volumes/1_TB_HDD/griffin/.npm/npm/1.3.4/package/man/man3/npm-unpublish.3',
69 silly resolved        '/Volumes/1_TB_HDD/griffin/.npm/npm/1.3.4/package/man/man3/npm-update.3',
69 silly resolved        '/Volumes/1_TB_HDD/griffin/.npm/npm/1.3.4/package/man/man3/npm-version.3',
69 silly resolved        '/Volumes/1_TB_HDD/griffin/.npm/npm/1.3.4/package/man/man3/npm-view.3',
69 silly resolved        '/Volumes/1_TB_HDD/griffin/.npm/npm/1.3.4/package/man/man3/npm-whoami.3',
69 silly resolved        '/Volumes/1_TB_HDD/griffin/.npm/npm/1.3.4/package/man/man3/npm.3',
69 silly resolved        '/Volumes/1_TB_HDD/griffin/.npm/npm/1.3.4/package/man/man5/npm-folders.5',
69 silly resolved        '/Volumes/1_TB_HDD/griffin/.npm/npm/1.3.4/package/man/man5/npm-global.5',
69 silly resolved        '/Volumes/1_TB_HDD/griffin/.npm/npm/1.3.4/package/man/man5/npm-json.5',
69 silly resolved        '/Volumes/1_TB_HDD/griffin/.npm/npm/1.3.4/package/man/man5/npmrc.5',
69 silly resolved        '/Volumes/1_TB_HDD/griffin/.npm/npm/1.3.4/package/man/man5/package.json.5',
69 silly resolved        '/Volumes/1_TB_HDD/griffin/.npm/npm/1.3.4/package/man/man7/npm-coding-style.7',
69 silly resolved        '/Volumes/1_TB_HDD/griffin/.npm/npm/1.3.4/package/man/man7/npm-config.7',
69 silly resolved        '/Volumes/1_TB_HDD/griffin/.npm/npm/1.3.4/package/man/man7/npm-developers.7',
69 silly resolved        '/Volumes/1_TB_HDD/griffin/.npm/npm/1.3.4/package/man/man7/npm-disputes.7',
69 silly resolved        '/Volumes/1_TB_HDD/griffin/.npm/npm/1.3.4/package/man/man7/npm-faq.7',
69 silly resolved        '/Volumes/1_TB_HDD/griffin/.npm/npm/1.3.4/package/man/man7/npm-index.7',
69 silly resolved        '/Volumes/1_TB_HDD/griffin/.npm/npm/1.3.4/package/man/man7/npm-registry.7',
69 silly resolved        '/Volumes/1_TB_HDD/griffin/.npm/npm/1.3.4/package/man/man7/npm-scripts.7',
69 silly resolved        '/Volumes/1_TB_HDD/griffin/.npm/npm/1.3.4/package/man/man7/removing-npm.7',
69 silly resolved        '/Volumes/1_TB_HDD/griffin/.npm/npm/1.3.4/package/man/man7/semver.7' ],
69 silly resolved     contributors:
69 silly resolved      [ [Object],
69 silly resolved        [Object],
69 silly resolved        [Object],
69 silly resolved        [Object],
69 silly resolved        [Object],
69 silly resolved        [Object],
69 silly resolved        [Object],
69 silly resolved        [Object],
69 silly resolved        [Object],
69 silly resolved        [Object],
69 silly resolved        [Object],
69 silly resolved        [Object],
69 silly resolved        [Object],
69 silly resolved        [Object],
69 silly resolved        [Object],
69 silly resolved        [Object],
69 silly resolved        [Object],
69 silly resolved        [Object],
69 silly resolved        [Object],
69 silly resolved        [Object],
69 silly resolved        [Object],
69 silly resolved        [Object],
69 silly resolved        [Object],
69 silly resolved        [Object],
69 silly resolved        [Object],
69 silly resolved        [Object],
69 silly resolved        [Object],
69 silly resolved        [Object],
69 silly resolved        [Object],
69 silly resolved        [Object],
69 silly resolved        [Object],
69 silly resolved        [Object],
69 silly resolved        [Object],
69 silly resolved        [Object],
69 silly resolved        [Object],
69 silly resolved        [Object],
69 silly resolved        [Object],
69 silly resolved        [Object],
69 silly resolved        [Object],
69 silly resolved        [Object],
69 silly resolved        [Object],
69 silly resolved        [Object],
69 silly resolved        [Object],
69 silly resolved        [Object],
69 silly resolved        [Object],
69 silly resolved        [Object],
69 silly resolved        [Object],
69 silly resolved        [Object],
69 silly resolved        [Object],
69 silly resolved        [Object],
69 silly resolved        [Object],
69 silly resolved        [Object],
69 silly resolved        [Object],
69 silly resolved        [Object],
69 silly resolved        [Object],
69 silly resolved        [Object],
69 silly resolved        [Object],
69 silly resolved        [Object],
69 silly resolved        [Object],
69 silly resolved        [Object],
69 silly resolved        [Object],
69 silly resolved        [Object],
69 silly resolved        [Object],
69 silly resolved        [Object],
69 silly resolved        [Object],
69 silly resolved        [Object],
69 silly resolved        [Object],
69 silly resolved        [Object],
69 silly resolved        [Object],
69 silly resolved        [Object],
69 silly resolved        [Object],
69 silly resolved        [Object],
69 silly resolved        [Object],
69 silly resolved        [Object],
69 silly resolved        [Object],
69 silly resolved        [Object],
69 silly resolved        [Object],
69 silly resolved        [Object],
69 silly resolved        [Object],
69 silly resolved        [Object],
69 silly resolved        [Object],
69 silly resolved        [Object],
69 silly resolved        [Object],
69 silly resolved        [Object],
69 silly resolved        [Object],
69 silly resolved        [Object],
69 silly resolved        [Object],
69 silly resolved        [Object],
69 silly resolved        [Object],
69 silly resolved        [Object],
69 silly resolved        [Object] ],
69 silly resolved     readme: 'npm(1) -- node package manager\n==============================\n\n## SYNOPSIS\n\nThis is just enough info to get you up and running.\n\nMuch more info available via `npm help` once it\'s installed.\n\n## IMPORTANT\n\n**You need node v0.8 or higher to run this program.**\n\nTo install an old **and unsupported** version of npm that works on node 0.3\nand prior, clone the git repo and dig through the old tags and branches.\n\n## Super Easy Install\n\nnpm comes with node now.\n\n### Windows Computers\n\nGet the MSI.  npm is in it.\n\n### Apple Macintosh Computers\n\nGet the pkg.  npm is in it.\n\n### Other Sorts of Unices\n\nRun `make install`.  npm will be installed with node.\n\nIf you want a more fancy pants install (a different version, customized\npaths, etc.) then read on.\n\n## Fancy Install (Unix)\n\nThere\'s a pretty robust install script at\n<https://npmjs.org/install.sh>.  You can download that and run it.\n\n### Slightly Fancier\n\nYou can set any npm configuration params with that script:\n\n    npm_config_prefix=/some/path sh install.sh\n\nOr, you can run it in uber-debuggery mode:\n\n    npm_debug=1 sh install.sh\n\n### Even Fancier\n\nGet the code with git.  Use `make` to build the docs and do other stuff.\nIf you plan on hacking on npm, `make link` is your friend.\n\nIf you\'ve got the npm source code, you can also semi-permanently set\narbitrary config keys using the `./configure --key=val ...`, and then\nrun npm commands by doing `node cli.js <cmd> <args>`.  (This is helpful\nfor testing, or running stuff without actually installing npm itself.)\n\n## Fancy Windows Install\n\nYou can download a zip file from <https://npmjs.org/dist/>, and unpack it\nin the same folder where node.exe lives.\n\nIf that\'s not fancy enough for you, then you can fetch the code with\ngit, and mess with it directly.\n\n## Installing on Cygwin\n\nNo.\n\n## Permissions when Using npm to Install Other Stuff\n\n**tl;dr**\n\n* Use `sudo` for greater safety.  Or don\'t, if you prefer not to.\n* npm will downgrade permissions if it\'s root before running any build\n  scripts that package authors specified.\n\n### More details...\n\nAs of version 0.3, it is recommended to run npm as root.\nThis allows npm to change the user identifier to the `nobody` user prior\nto running any package build or test commands.\n\nIf you are not the root user, or if you are on a platform that does not\nsupport uid switching, then npm will not attempt to change the userid.\n\nIf you would like to ensure that npm **always** runs scripts as the\n"nobody" user, and have it fail if it cannot downgrade permissions, then\nset the following configuration param:\n\n    npm config set unsafe-perm false\n\nThis will prevent running in unsafe mode, even as non-root users.\n\n## Uninstalling\n\nSo sad to see you go.\n\n    sudo npm uninstall npm -g\n\nOr, if that fails,\n\n    sudo make uninstall\n\n## More Severe Uninstalling\n\nUsually, the above instructions are sufficient.  That will remove\nnpm, but leave behind anything you\'ve installed.\n\nIf you would like to remove all the packages that you have installed,\nthen you can use the `npm ls` command to find them, and then `npm rm` to\nremove them.\n\nTo remove cruft left behind by npm 0.x, you can use the included\n`clean-old.sh` script file.  You can run it conveniently like this:\n\n    npm explore npm -g -- sh scripts/clean-old.sh\n\nnpm uses two configuration files, one for per-user configs, and another\nfor global (every-user) configs.  You can view them by doing:\n\n    npm config get userconfig   # defaults to ~/.npmrc\n    npm config get globalconfig # defaults to /usr/local/etc/npmrc\n\nUninstalling npm does not remove configuration files by default.  You\nmust remove them yourself manually if you want them gone.  Note that\nthis means that future npm installs will not remember the settings that\nyou have chosen.\n\n## Using npm Programmatically\n\nIf you would like to use npm programmatically, you can do that.\nIt\'s not very well documented, but it *is* rather simple.\n\nMost of the time, unless you actually want to do all the things that\nnpm does, you should try using one of npm\'s dependencies rather than\nusing npm itself, if possible.\n\nEventually, npm will be just a thin cli wrapper around the modules\nthat it depends on, but for now, there are some things that you must\nuse npm itself to do.\n\n    var npm = require("npm")\n    npm.load(myConfigObject, function (er) {\n      if (er) return handlError(er)\n      npm.commands.install(["some", "args"], function (er, data) {\n        if (er) return commandFailed(er)\n        // command succeeded, and data might have some info\n      })\n      npm.on("log", function (message) { .... })\n    })\n\nThe `load` function takes an object hash of the command-line configs.\nThe various `npm.commands.<cmd>` functions take an **array** of\npositional argument **strings**.  The last argument to any\n`npm.commands.<cmd>` function is a callback.  Some commands take other\noptional arguments.  Read the source.\n\nYou cannot set configs individually for any single npm function at this\ntime.  Since `npm` is a singleton, any call to `npm.config.set` will\nchange the value for *all* npm commands in that process.\n\nSee `./bin/npm-cli.js` for an example of pulling config values off of the\ncommand line arguments using nopt.  You may also want to check out `npm\nhelp config` to learn about all the options you can set there.\n\n## More Docs\n\nCheck out the [docs](https://npmjs.org/doc/),\nespecially the [faq](https://npmjs.org/doc/faq.html).\n\nYou can use the `npm help` command to read any of them.\n\nIf you\'re a developer, and you want to use npm to publish your program,\nyou should [read this](https://npmjs.org/doc/developers.html)\n\n## Legal Stuff\n\n"npm" and "the npm registry" are owned by Isaac Z. Schlueter.  All\nrights not explicitly granted in the MIT license are reserved. See the\nincluded LICENSE file for more details.\n\n"Node.js" and "node" are trademarks owned by Joyent, Inc.  npm is not\nofficially part of the Node.js project, and is neither owned by nor\nofficially affiliated with Joyent, Inc.\n\nThe packages in the npm registry are not part of npm itself, and are the\nsole property of their respective maintainers.  While every effort is\nmade to ensure accountability, there is absolutely no guarantee,\nwarrantee, or assertion made as to the quality, fitness for a specific\npurpose, or lack of malice in any given npm package.  Modules\npublished on the npm registry are not affiliated with or endorsed by\nJoyent, Inc., Isaac Z. Schlueter, Ryan Dahl, or the Node.js project.\n\nIf you have a complaint about a package in the npm registry, and cannot\nresolve it with the package owner, please express your concerns to\nIsaac Z. Schlueter at <i@izs.me>.\n\n### In plain english\n\nThis is mine; not my employer\'s, not Node\'s, not Joyent\'s, not Ryan\nDahl\'s.\n\nIf you publish something, it\'s yours, and you are solely accountable\nfor it.  Not me, not Node, not Joyent, not Ryan Dahl.\n\nIf other people publish something, it\'s theirs.  Not mine, not Node\'s,\nnot Joyent\'s, not Ryan Dahl\'s.\n\nYes, you can publish something evil.  It will be removed promptly if\nreported, and we\'ll lose respect for you.  But there is no vetting\nprocess for published modules.\n\nIf this concerns you, inspect the source before using packages.\n\n## BUGS\n\nWhen you find issues, please report them:\n\n* web:\n  <https://github.com/isaacs/npm/issues>\n* email:\n  <npm-@googlegroups.com>\n\nBe sure to include *all* of the output from the npm command that didn\'t work\nas expected.  The `npm-debug.log` file is also helpful to provide.\n\nYou can also look for isaacs in #node.js on irc://irc.freenode.net.  He\nwill no doubt tell you to put the output in a gist or email.\n\n## SEE ALSO\n\n* npm(1)\n* npm-faq(1)\n* npm-help(1)\n* npm-index(1)\n',
69 silly resolved     readmeFilename: 'README.md',
69 silly resolved     _id: 'npm@1.3.4',
69 silly resolved     _shasum: '1dacc91458f2197c362d774d2cbf111680f86ec2',
69 silly resolved     _from: 'npm@1.3.4',
69 silly resolved     _resolved: 'https://registry.npmjs.org/npm/-/npm-1.3.4.tgz' } ]
70 info install npm@1.3.4 into /usr/local/lib/node_modules/phonegap/node_modules/cordova/node_modules/plugman
71 info installOne npm@1.3.4
72 silly resolved [ { version: '1.3.4',
72 silly resolved     name: 'npm',
72 silly resolved     publishConfig: { 'proprietary-attribs': false },
72 silly resolved     description: 'A package manager for node',
72 silly resolved     keywords: [ 'package manager', 'modules', 'install', 'package.json' ],
72 silly resolved     preferGlobal: true,
72 silly resolved     config: { publishtest: false },
72 silly resolved     homepage: 'https://npmjs.org/doc/',
72 silly resolved     author:
72 silly resolved      { name: 'Isaac Z. Schlueter',
72 silly resolved        email: 'i@izs.me',
72 silly resolved        url: 'http://blog.izs.me' },
72 silly resolved     repository: { type: 'git', url: 'https://github.com/isaacs/npm' },
72 silly resolved     bugs:
72 silly resolved      { url: 'http://github.com/isaacs/npm/issues',
72 silly resolved        email: 'npm-@googlegroups.com' },
72 silly resolved     directories: { doc: './doc', man: './man', lib: './lib', bin: './bin' },
72 silly resolved     main: './lib/npm.js',
72 silly resolved     bin: { npm: './bin/npm-cli.js' },
72 silly resolved     dependencies:
72 silly resolved      { semver: '~2.0.8',
72 silly resolved        ini: '~1.1.0',
72 silly resolved        slide: '~1.1.4',
72 silly resolved        abbrev: '~1.0.4',
72 silly resolved        'graceful-fs': '~2.0.0',
72 silly resolved        minimatch: '~0.2.12',
72 silly resolved        nopt: '~2.1.1',
72 silly resolved        rimraf: '~2.2.0',
72 silly resolved        request: '~2.21.0',
72 silly resolved        which: '1',
72 silly resolved        tar: '~0.1.17',
72 silly resolved        fstream: '~0.1.23',
72 silly resolved        'block-stream': '*',
72 silly resolved        inherits: '1',
72 silly resolved        mkdirp: '~0.3.3',
72 silly resolved        read: '~1.0.4',
72 silly resolved        'lru-cache': '~2.3.0',
72 silly resolved        'node-gyp': '~0.10.6',
72 silly resolved        'fstream-npm': '~0.1.3',
72 silly resolved        'uid-number': '0',
72 silly resolved        archy: '0',
72 silly resolved        chownr: '0',
72 silly resolved        npmlog: '0.0.4',
72 silly resolved        ansi: '~0.1.2',
72 silly resolved        'npm-registry-client': '~0.2.27',
72 silly resolved        'read-package-json': '~1.1.0',
72 silly resolved        'read-installed': '~0.2.2',
72 silly resolved        glob: '~3.2.3',
72 silly resolved        'init-package-json': '0.0.10',
72 silly resolved        osenv: '0',
72 silly resolved        lockfile: '~0.4.0',
72 silly resolved        retry: '~0.6.0',
72 silly resolved        once: '~1.1.1',
72 silly resolved        npmconf: '~0.1.1',
72 silly resolved        opener: '~1.3.0',
72 silly resolved        chmodr: '~0.1.0',
72 silly resolved        'cmd-shim': '~1.1.0',
72 silly resolved        sha: '~1.0.1',
72 silly resolved        editor: '0.0.4',
72 silly resolved        'child-process-close': '~0.1.1',
72 silly resolved        'npm-user-validate': '0.0.3' },
72 silly resolved     bundleDependencies:
72 silly resolved      [ 'semver',
72 silly resolved        'ini',
72 silly resolved        'slide',
72 silly resolved        'abbrev',
72 silly resolved        'graceful-fs',
72 silly resolved        'minimatch',
72 silly resolved        'nopt',
72 silly resolved        'rimraf',
72 silly resolved        'request',
72 silly resolved        'which',
72 silly resolved        'tar',
72 silly resolved        'fstream',
72 silly resolved        'block-stream',
72 silly resolved        'inherits',
72 silly resolved        'mkdirp',
72 silly resolved        'read',
72 silly resolved        'lru-cache',
72 silly resolved        'node-gyp',
72 silly resolved        'fstream-npm',
72 silly resolved        'uid-number',
72 silly resolved        'archy',
72 silly resolved        'chownr',
72 silly resolved        'npmlog',
72 silly resolved        'ansi',
72 silly resolved        'npm-registry-client',
72 silly resolved        'read-package-json',
72 silly resolved        'read-installed',
72 silly resolved        'glob',
72 silly resolved        'init-package-json',
72 silly resolved        'osenv',
72 silly resolved        'lockfile',
72 silly resolved        'retry',
72 silly resolved        'once',
72 silly resolved        'npmconf',
72 silly resolved        'opener',
72 silly resolved        'chmodr',
72 silly resolved        'cmd-shim',
72 silly resolved        'sha',
72 silly resolved        'child-process-close',
72 silly resolved        'editor',
72 silly resolved        'npm-user-validate',
72 silly resolved        'normalize-package-data' ],
72 silly resolved     devDependencies: { ronn: '~0.3.6', tap: '~0.4.0' },
72 silly resolved     engines: { node: '>=0.6', npm: '1' },
72 silly resolved     scripts:
72 silly resolved      { test: 'node ./test/run.js && tap test/tap/*.js',
72 silly resolved        tap: 'tap test/tap/*.js',
72 silly resolved        prepublish: 'node bin/npm-cli.js prune ; rm -rf test/*/*/node_modules ; make -j4 doc',
72 silly resolved        dumpconf: 'env | grep npm | sort | uniq',
72 silly resolved        echo: 'node bin/npm-cli.js' },
72 silly resolved     licenses: [ [Object] ],
72 silly resolved     man:
72 silly resolved      [ '/Volumes/1_TB_HDD/griffin/.npm/npm/1.3.4/package/man/man1/npm-README.1',
72 silly resolved        '/Volumes/1_TB_HDD/griffin/.npm/npm/1.3.4/package/man/man1/npm-adduser.1',
72 silly resolved        '/Volumes/1_TB_HDD/griffin/.npm/npm/1.3.4/package/man/man1/npm-bin.1',
72 silly resolved        '/Volumes/1_TB_HDD/griffin/.npm/npm/1.3.4/package/man/man1/npm-bugs.1',
72 silly resolved        '/Volumes/1_TB_HDD/griffin/.npm/npm/1.3.4/package/man/man1/npm-build.1',
72 silly resolved        '/Volumes/1_TB_HDD/griffin/.npm/npm/1.3.4/package/man/man1/npm-bundle.1',
72 silly resolved        '/Volumes/1_TB_HDD/griffin/.npm/npm/1.3.4/package/man/man1/npm-cache.1',
72 silly resolved        '/Volumes/1_TB_HDD/griffin/.npm/npm/1.3.4/package/man/man1/npm-completion.1',
72 silly resolved        '/Volumes/1_TB_HDD/griffin/.npm/npm/1.3.4/package/man/man1/npm-config.1',
72 silly resolved        '/Volumes/1_TB_HDD/griffin/.npm/npm/1.3.4/package/man/man1/npm-dedupe.1',
72 silly resolved        '/Volumes/1_TB_HDD/griffin/.npm/npm/1.3.4/package/man/man1/npm-deprecate.1',
72 silly resolved        '/Volumes/1_TB_HDD/griffin/.npm/npm/1.3.4/package/man/man1/npm-docs.1',
72 silly resolved        '/Volumes/1_TB_HDD/griffin/.npm/npm/1.3.4/package/man/man1/npm-edit.1',
72 silly resolved        '/Volumes/1_TB_HDD/griffin/.npm/npm/1.3.4/package/man/man1/npm-explore.1',
72 silly resolved        '/Volumes/1_TB_HDD/griffin/.npm/npm/1.3.4/package/man/man1/npm-help-search.1',
72 silly resolved        '/Volumes/1_TB_HDD/griffin/.npm/npm/1.3.4/package/man/man1/npm-help.1',
72 silly resolved        '/Volumes/1_TB_HDD/griffin/.npm/npm/1.3.4/package/man/man1/npm-init.1',
72 silly resolved        '/Volumes/1_TB_HDD/griffin/.npm/npm/1.3.4/package/man/man1/npm-install.1',
72 silly resolved        '/Volumes/1_TB_HDD/griffin/.npm/npm/1.3.4/package/man/man1/npm-link.1',
72 silly resolved        '/Volumes/1_TB_HDD/griffin/.npm/npm/1.3.4/package/man/man1/npm-ls.1',
72 silly resolved        '/Volumes/1_TB_HDD/griffin/.npm/npm/1.3.4/package/man/man1/npm-outdated.1',
72 silly resolved        '/Volumes/1_TB_HDD/griffin/.npm/npm/1.3.4/package/man/man1/npm-owner.1',
72 silly resolved        '/Volumes/1_TB_HDD/griffin/.npm/npm/1.3.4/package/man/man1/npm-pack.1',
72 silly resolved        '/Volumes/1_TB_HDD/griffin/.npm/npm/1.3.4/package/man/man1/npm-prefix.1',
72 silly resolved        '/Volumes/1_TB_HDD/griffin/.npm/npm/1.3.4/package/man/man1/npm-prune.1',
72 silly resolved        '/Volumes/1_TB_HDD/griffin/.npm/npm/1.3.4/package/man/man1/npm-publish.1',
72 silly resolved        '/Volumes/1_TB_HDD/griffin/.npm/npm/1.3.4/package/man/man1/npm-rebuild.1',
72 silly resolved        '/Volumes/1_TB_HDD/griffin/.npm/npm/1.3.4/package/man/man1/npm-restart.1',
72 silly resolved        '/Volumes/1_TB_HDD/griffin/.npm/npm/1.3.4/package/man/man1/npm-rm.1',
72 silly resolved        '/Volumes/1_TB_HDD/griffin/.npm/npm/1.3.4/package/man/man1/npm-root.1',
72 silly resolved        '/Volumes/1_TB_HDD/griffin/.npm/npm/1.3.4/package/man/man1/npm-run-script.1',
72 silly resolved        '/Volumes/1_TB_HDD/griffin/.npm/npm/1.3.4/package/man/man1/npm-search.1',
72 silly resolved        '/Volumes/1_TB_HDD/griffin/.npm/npm/1.3.4/package/man/man1/npm-shrinkwrap.1',
72 silly resolved        '/Volumes/1_TB_HDD/griffin/.npm/npm/1.3.4/package/man/man1/npm-star.1',
72 silly resolved        '/Volumes/1_TB_HDD/griffin/.npm/npm/1.3.4/package/man/man1/npm-stars.1',
72 silly resolved        '/Volumes/1_TB_HDD/griffin/.npm/npm/1.3.4/package/man/man1/npm-start.1',
72 silly resolved        '/Volumes/1_TB_HDD/griffin/.npm/npm/1.3.4/package/man/man1/npm-stop.1',
72 silly resolved        '/Volumes/1_TB_HDD/griffin/.npm/npm/1.3.4/package/man/man1/npm-submodule.1',
72 silly resolved        '/Volumes/1_TB_HDD/griffin/.npm/npm/1.3.4/package/man/man1/npm-tag.1',
72 silly resolved        '/Volumes/1_TB_HDD/griffin/.npm/npm/1.3.4/package/man/man1/npm-test.1',
72 silly resolved        '/Volumes/1_TB_HDD/griffin/.npm/npm/1.3.4/package/man/man1/npm-uninstall.1',
72 silly resolved        '/Volumes/1_TB_HDD/griffin/.npm/npm/1.3.4/package/man/man1/npm-unpublish.1',
72 silly resolved        '/Volumes/1_TB_HDD/griffin/.npm/npm/1.3.4/package/man/man1/npm-update.1',
72 silly resolved        '/Volumes/1_TB_HDD/griffin/.npm/npm/1.3.4/package/man/man1/npm-version.1',
72 silly resolved        '/Volumes/1_TB_HDD/griffin/.npm/npm/1.3.4/package/man/man1/npm-view.1',
72 silly resolved        '/Volumes/1_TB_HDD/griffin/.npm/npm/1.3.4/package/man/man1/npm-whoami.1',
72 silly resolved        '/Volumes/1_TB_HDD/griffin/.npm/npm/1.3.4/package/man/man1/npm.1',
72 silly resolved        '/Volumes/1_TB_HDD/griffin/.npm/npm/1.3.4/package/man/man3/npm-bin.3',
72 silly resolved        '/Volumes/1_TB_HDD/griffin/.npm/npm/1.3.4/package/man/man3/npm-bugs.3',
72 silly resolved        '/Volumes/1_TB_HDD/griffin/.npm/npm/1.3.4/package/man/man3/npm-commands.3',
72 silly resolved        '/Volumes/1_TB_HDD/griffin/.npm/npm/1.3.4/package/man/man3/npm-config.3',
72 silly resolved        '/Volumes/1_TB_HDD/griffin/.npm/npm/1.3.4/package/man/man3/npm-deprecate.3',
72 silly resolved        '/Volumes/1_TB_HDD/griffin/.npm/npm/1.3.4/package/man/man3/npm-docs.3',
72 silly resolved        '/Volumes/1_TB_HDD/griffin/.npm/npm/1.3.4/package/man/man3/npm-edit.3',
72 silly resolved        '/Volumes/1_TB_HDD/griffin/.npm/npm/1.3.4/package/man/man3/npm-explore.3',
72 silly resolved        '/Volumes/1_TB_HDD/griffin/.npm/npm/1.3.4/package/man/man3/npm-help-search.3',
72 silly resolved        '/Volumes/1_TB_HDD/griffin/.npm/npm/1.3.4/package/man/man3/npm-init.3',
72 silly resolved        '/Volumes/1_TB_HDD/griffin/.npm/npm/1.3.4/package/man/man3/npm-install.3',
72 silly resolved        '/Volumes/1_TB_HDD/griffin/.npm/npm/1.3.4/package/man/man3/npm-link.3',
72 silly resolved        '/Volumes/1_TB_HDD/griffin/.npm/npm/1.3.4/package/man/man3/npm-load.3',
72 silly resolved        '/Volumes/1_TB_HDD/griffin/.npm/npm/1.3.4/package/man/man3/npm-ls.3',
72 silly resolved        '/Volumes/1_TB_HDD/griffin/.npm/npm/1.3.4/package/man/man3/npm-outdated.3',
72 silly resolved        '/Volumes/1_TB_HDD/griffin/.npm/npm/1.3.4/package/man/man3/npm-owner.3',
72 silly resolved        '/Volumes/1_TB_HDD/griffin/.npm/npm/1.3.4/package/man/man3/npm-pack.3',
72 silly resolved        '/Volumes/1_TB_HDD/griffin/.npm/npm/1.3.4/package/man/man3/npm-prefix.3',
72 silly resolved        '/Volumes/1_TB_HDD/griffin/.npm/npm/1.3.4/package/man/man3/npm-prune.3',
72 silly resolved        '/Volumes/1_TB_HDD/griffin/.npm/npm/1.3.4/package/man/man3/npm-publish.3',
72 silly resolved        '/Volumes/1_TB_HDD/griffin/.npm/npm/1.3.4/package/man/man3/npm-rebuild.3',
72 silly resolved        '/Volumes/1_TB_HDD/griffin/.npm/npm/1.3.4/package/man/man3/npm-restart.3',
72 silly resolved        '/Volumes/1_TB_HDD/griffin/.npm/npm/1.3.4/package/man/man3/npm-root.3',
72 silly resolved        '/Volumes/1_TB_HDD/griffin/.npm/npm/1.3.4/package/man/man3/npm-run-script.3',
72 silly resolved        '/Volumes/1_TB_HDD/griffin/.npm/npm/1.3.4/package/man/man3/npm-search.3',
72 silly resolved        '/Volumes/1_TB_HDD/griffin/.npm/npm/1.3.4/package/man/man3/npm-shrinkwrap.3',
72 silly resolved        '/Volumes/1_TB_HDD/griffin/.npm/npm/1.3.4/package/man/man3/npm-start.3',
72 silly resolved        '/Volumes/1_TB_HDD/griffin/.npm/npm/1.3.4/package/man/man3/npm-stop.3',
72 silly resolved        '/Volumes/1_TB_HDD/griffin/.npm/npm/1.3.4/package/man/man3/npm-submodule.3',
72 silly resolved        '/Volumes/1_TB_HDD/griffin/.npm/npm/1.3.4/package/man/man3/npm-tag.3',
72 silly resolved        '/Volumes/1_TB_HDD/griffin/.npm/npm/1.3.4/package/man/man3/npm-test.3',
72 silly resolved        '/Volumes/1_TB_HDD/griffin/.npm/npm/1.3.4/package/man/man3/npm-uninstall.3',
72 silly resolved        '/Volumes/1_TB_HDD/griffin/.npm/npm/1.3.4/package/man/man3/npm-unpublish.3',
72 silly resolved        '/Volumes/1_TB_HDD/griffin/.npm/npm/1.3.4/package/man/man3/npm-update.3',
72 silly resolved        '/Volumes/1_TB_HDD/griffin/.npm/npm/1.3.4/package/man/man3/npm-version.3',
72 silly resolved        '/Volumes/1_TB_HDD/griffin/.npm/npm/1.3.4/package/man/man3/npm-view.3',
72 silly resolved        '/Volumes/1_TB_HDD/griffin/.npm/npm/1.3.4/package/man/man3/npm-whoami.3',
72 silly resolved        '/Volumes/1_TB_HDD/griffin/.npm/npm/1.3.4/package/man/man3/npm.3',
72 silly resolved        '/Volumes/1_TB_HDD/griffin/.npm/npm/1.3.4/package/man/man5/npm-folders.5',
72 silly resolved        '/Volumes/1_TB_HDD/griffin/.npm/npm/1.3.4/package/man/man5/npm-global.5',
72 silly resolved        '/Volumes/1_TB_HDD/griffin/.npm/npm/1.3.4/package/man/man5/npm-json.5',
72 silly resolved        '/Volumes/1_TB_HDD/griffin/.npm/npm/1.3.4/package/man/man5/npmrc.5',
72 silly resolved        '/Volumes/1_TB_HDD/griffin/.npm/npm/1.3.4/package/man/man5/package.json.5',
72 silly resolved        '/Volumes/1_TB_HDD/griffin/.npm/npm/1.3.4/package/man/man7/npm-coding-style.7',
72 silly resolved        '/Volumes/1_TB_HDD/griffin/.npm/npm/1.3.4/package/man/man7/npm-config.7',
72 silly resolved        '/Volumes/1_TB_HDD/griffin/.npm/npm/1.3.4/package/man/man7/npm-developers.7',
72 silly resolved        '/Volumes/1_TB_HDD/griffin/.npm/npm/1.3.4/package/man/man7/npm-disputes.7',
72 silly resolved        '/Volumes/1_TB_HDD/griffin/.npm/npm/1.3.4/package/man/man7/npm-faq.7',
72 silly resolved        '/Volumes/1_TB_HDD/griffin/.npm/npm/1.3.4/package/man/man7/npm-index.7',
72 silly resolved        '/Volumes/1_TB_HDD/griffin/.npm/npm/1.3.4/package/man/man7/npm-registry.7',
72 silly resolved        '/Volumes/1_TB_HDD/griffin/.npm/npm/1.3.4/package/man/man7/npm-scripts.7',
72 silly resolved        '/Volumes/1_TB_HDD/griffin/.npm/npm/1.3.4/package/man/man7/removing-npm.7',
72 silly resolved        '/Volumes/1_TB_HDD/griffin/.npm/npm/1.3.4/package/man/man7/semver.7' ],
72 silly resolved     contributors:
72 silly resolved      [ [Object],
72 silly resolved        [Object],
72 silly resolved        [Object],
72 silly resolved        [Object],
72 silly resolved        [Object],
72 silly resolved        [Object],
72 silly resolved        [Object],
72 silly resolved        [Object],
72 silly resolved        [Object],
72 silly resolved        [Object],
72 silly resolved        [Object],
72 silly resolved        [Object],
72 silly resolved        [Object],
72 silly resolved        [Object],
72 silly resolved        [Object],
72 silly resolved        [Object],
72 silly resolved        [Object],
72 silly resolved        [Object],
72 silly resolved        [Object],
72 silly resolved        [Object],
72 silly resolved        [Object],
72 silly resolved        [Object],
72 silly resolved        [Object],
72 silly resolved        [Object],
72 silly resolved        [Object],
72 silly resolved        [Object],
72 silly resolved        [Object],
72 silly resolved        [Object],
72 silly resolved        [Object],
72 silly resolved        [Object],
72 silly resolved        [Object],
72 silly resolved        [Object],
72 silly resolved        [Object],
72 silly resolved        [Object],
72 silly resolved        [Object],
72 silly resolved        [Object],
72 silly resolved        [Object],
72 silly resolved        [Object],
72 silly resolved        [Object],
72 silly resolved        [Object],
72 silly resolved        [Object],
72 silly resolved        [Object],
72 silly resolved        [Object],
72 silly resolved        [Object],
72 silly resolved        [Object],
72 silly resolved        [Object],
72 silly resolved        [Object],
72 silly resolved        [Object],
72 silly resolved        [Object],
72 silly resolved        [Object],
72 silly resolved        [Object],
72 silly resolved        [Object],
72 silly resolved        [Object],
72 silly resolved        [Object],
72 silly resolved        [Object],
72 silly resolved        [Object],
72 silly resolved        [Object],
72 silly resolved        [Object],
72 silly resolved        [Object],
72 silly resolved        [Object],
72 silly resolved        [Object],
72 silly resolved        [Object],
72 silly resolved        [Object],
72 silly resolved        [Object],
72 silly resolved        [Object],
72 silly resolved        [Object],
72 silly resolved        [Object],
72 silly resolved        [Object],
72 silly resolved        [Object],
72 silly resolved        [Object],
72 silly resolved        [Object],
72 silly resolved        [Object],
72 silly resolved        [Object],
72 silly resolved        [Object],
72 silly resolved        [Object],
72 silly resolved        [Object],
72 silly resolved        [Object],
72 silly resolved        [Object],
72 silly resolved        [Object],
72 silly resolved        [Object],
72 silly resolved        [Object],
72 silly resolved        [Object],
72 silly resolved        [Object],
72 silly resolved        [Object],
72 silly resolved        [Object],
72 silly resolved        [Object],
72 silly resolved        [Object],
72 silly resolved        [Object],
72 silly resolved        [Object],
72 silly resolved        [Object],
72 silly resolved        [Object] ],
72 silly resolved     readme: 'npm(1) -- node package manager\n==============================\n\n## SYNOPSIS\n\nThis is just enough info to get you up and running.\n\nMuch more info available via `npm help` once it\'s installed.\n\n## IMPORTANT\n\n**You need node v0.8 or higher to run this program.**\n\nTo install an old **and unsupported** version of npm that works on node 0.3\nand prior, clone the git repo and dig through the old tags and branches.\n\n## Super Easy Install\n\nnpm comes with node now.\n\n### Windows Computers\n\nGet the MSI.  npm is in it.\n\n### Apple Macintosh Computers\n\nGet the pkg.  npm is in it.\n\n### Other Sorts of Unices\n\nRun `make install`.  npm will be installed with node.\n\nIf you want a more fancy pants install (a different version, customized\npaths, etc.) then read on.\n\n## Fancy Install (Unix)\n\nThere\'s a pretty robust install script at\n<https://npmjs.org/install.sh>.  You can download that and run it.\n\n### Slightly Fancier\n\nYou can set any npm configuration params with that script:\n\n    npm_config_prefix=/some/path sh install.sh\n\nOr, you can run it in uber-debuggery mode:\n\n    npm_debug=1 sh install.sh\n\n### Even Fancier\n\nGet the code with git.  Use `make` to build the docs and do other stuff.\nIf you plan on hacking on npm, `make link` is your friend.\n\nIf you\'ve got the npm source code, you can also semi-permanently set\narbitrary config keys using the `./configure --key=val ...`, and then\nrun npm commands by doing `node cli.js <cmd> <args>`.  (This is helpful\nfor testing, or running stuff without actually installing npm itself.)\n\n## Fancy Windows Install\n\nYou can download a zip file from <https://npmjs.org/dist/>, and unpack it\nin the same folder where node.exe lives.\n\nIf that\'s not fancy enough for you, then you can fetch the code with\ngit, and mess with it directly.\n\n## Installing on Cygwin\n\nNo.\n\n## Permissions when Using npm to Install Other Stuff\n\n**tl;dr**\n\n* Use `sudo` for greater safety.  Or don\'t, if you prefer not to.\n* npm will downgrade permissions if it\'s root before running any build\n  scripts that package authors specified.\n\n### More details...\n\nAs of version 0.3, it is recommended to run npm as root.\nThis allows npm to change the user identifier to the `nobody` user prior\nto running any package build or test commands.\n\nIf you are not the root user, or if you are on a platform that does not\nsupport uid switching, then npm will not attempt to change the userid.\n\nIf you would like to ensure that npm **always** runs scripts as the\n"nobody" user, and have it fail if it cannot downgrade permissions, then\nset the following configuration param:\n\n    npm config set unsafe-perm false\n\nThis will prevent running in unsafe mode, even as non-root users.\n\n## Uninstalling\n\nSo sad to see you go.\n\n    sudo npm uninstall npm -g\n\nOr, if that fails,\n\n    sudo make uninstall\n\n## More Severe Uninstalling\n\nUsually, the above instructions are sufficient.  That will remove\nnpm, but leave behind anything you\'ve installed.\n\nIf you would like to remove all the packages that you have installed,\nthen you can use the `npm ls` command to find them, and then `npm rm` to\nremove them.\n\nTo remove cruft left behind by npm 0.x, you can use the included\n`clean-old.sh` script file.  You can run it conveniently like this:\n\n    npm explore npm -g -- sh scripts/clean-old.sh\n\nnpm uses two configuration files, one for per-user configs, and another\nfor global (every-user) configs.  You can view them by doing:\n\n    npm config get userconfig   # defaults to ~/.npmrc\n    npm config get globalconfig # defaults to /usr/local/etc/npmrc\n\nUninstalling npm does not remove configuration files by default.  You\nmust remove them yourself manually if you want them gone.  Note that\nthis means that future npm installs will not remember the settings that\nyou have chosen.\n\n## Using npm Programmatically\n\nIf you would like to use npm programmatically, you can do that.\nIt\'s not very well documented, but it *is* rather simple.\n\nMost of the time, unless you actually want to do all the things that\nnpm does, you should try using one of npm\'s dependencies rather than\nusing npm itself, if possible.\n\nEventually, npm will be just a thin cli wrapper around the modules\nthat it depends on, but for now, there are some things that you must\nuse npm itself to do.\n\n    var npm = require("npm")\n    npm.load(myConfigObject, function (er) {\n      if (er) return handlError(er)\n      npm.commands.install(["some", "args"], function (er, data) {\n        if (er) return commandFailed(er)\n        // command succeeded, and data might have some info\n      })\n      npm.on("log", function (message) { .... })\n    })\n\nThe `load` function takes an object hash of the command-line configs.\nThe various `npm.commands.<cmd>` functions take an **array** of\npositional argument **strings**.  The last argument to any\n`npm.commands.<cmd>` function is a callback.  Some commands take other\noptional arguments.  Read the source.\n\nYou cannot set configs individually for any single npm function at this\ntime.  Since `npm` is a singleton, any call to `npm.config.set` will\nchange the value for *all* npm commands in that process.\n\nSee `./bin/npm-cli.js` for an example of pulling config values off of the\ncommand line arguments using nopt.  You may also want to check out `npm\nhelp config` to learn about all the options you can set there.\n\n## More Docs\n\nCheck out the [docs](https://npmjs.org/doc/),\nespecially the [faq](https://npmjs.org/doc/faq.html).\n\nYou can use the `npm help` command to read any of them.\n\nIf you\'re a developer, and you want to use npm to publish your program,\nyou should [read this](https://npmjs.org/doc/developers.html)\n\n## Legal Stuff\n\n"npm" and "the npm registry" are owned by Isaac Z. Schlueter.  All\nrights not explicitly granted in the MIT license are reserved. See the\nincluded LICENSE file for more details.\n\n"Node.js" and "node" are trademarks owned by Joyent, Inc.  npm is not\nofficially part of the Node.js project, and is neither owned by nor\nofficially affiliated with Joyent, Inc.\n\nThe packages in the npm registry are not part of npm itself, and are the\nsole property of their respective maintainers.  While every effort is\nmade to ensure accountability, there is absolutely no guarantee,\nwarrantee, or assertion made as to the quality, fitness for a specific\npurpose, or lack of malice in any given npm package.  Modules\npublished on the npm registry are not affiliated with or endorsed by\nJoyent, Inc., Isaac Z. Schlueter, Ryan Dahl, or the Node.js project.\n\nIf you have a complaint about a package in the npm registry, and cannot\nresolve it with the package owner, please express your concerns to\nIsaac Z. Schlueter at <i@izs.me>.\n\n### In plain english\n\nThis is mine; not my employer\'s, not Node\'s, not Joyent\'s, not Ryan\nDahl\'s.\n\nIf you publish something, it\'s yours, and you are solely accountable\nfor it.  Not me, not Node, not Joyent, not Ryan Dahl.\n\nIf other people publish something, it\'s theirs.  Not mine, not Node\'s,\nnot Joyent\'s, not Ryan Dahl\'s.\n\nYes, you can publish something evil.  It will be removed promptly if\nreported, and we\'ll lose respect for you.  But there is no vetting\nprocess for published modules.\n\nIf this concerns you, inspect the source before using packages.\n\n## BUGS\n\nWhen you find issues, please report them:\n\n* web:\n  <https://github.com/isaacs/npm/issues>\n* email:\n  <npm-@googlegroups.com>\n\nBe sure to include *all* of the output from the npm command that didn\'t work\nas expected.  The `npm-debug.log` file is also helpful to provide.\n\nYou can also look for isaacs in #node.js on irc://irc.freenode.net.  He\nwill no doubt tell you to put the output in a gist or email.\n\n## SEE ALSO\n\n* npm(1)\n* npm-faq(1)\n* npm-help(1)\n* npm-index(1)\n',
72 silly resolved     readmeFilename: 'README.md',
72 silly resolved     _id: 'npm@1.3.4',
72 silly resolved     _shasum: '1dacc91458f2197c362d774d2cbf111680f86ec2',
72 silly resolved     _from: 'npm@1.3.4',
72 silly resolved     _resolved: 'https://registry.npmjs.org/npm/-/npm-1.3.4.tgz' } ]
73 info install npm@1.3.4 into /usr/local/lib/node_modules/cordova/node_modules/plugman
74 info installOne npm@1.3.4
75 silly resolved [ { version: '1.4.10',
75 silly resolved     name: 'npm',
75 silly resolved     publishConfig: { 'proprietary-attribs': false },
75 silly resolved     description: 'A package manager for node',
75 silly resolved     keywords: [ 'package manager', 'modules', 'install', 'package.json' ],
75 silly resolved     preferGlobal: true,
75 silly resolved     config: { publishtest: false },
75 silly resolved     homepage: 'https://npmjs.org/doc/',
75 silly resolved     author:
75 silly resolved      { name: 'Isaac Z. Schlueter',
75 silly resolved        email: 'i@izs.me',
75 silly resolved        url: 'http://blog.izs.me' },
75 silly resolved     repository: { type: 'git', url: 'https://github.com/npm/npm' },
75 silly resolved     bugs:
75 silly resolved      { url: 'http://github.com/npm/npm/issues',
75 silly resolved        email: 'npm-@googlegroups.com' },
75 silly resolved     directories: { doc: './doc', man: './man', lib: './lib', bin: './bin' },
75 silly resolved     main: './lib/npm.js',
75 silly resolved     bin: { npm: './bin/npm-cli.js' },
75 silly resolved     dependencies:
75 silly resolved      { abbrev: '~1.0.4',
75 silly resolved        ansi: '~0.2.1',
75 silly resolved        ansicolors: '~0.3.2',
75 silly resolved        ansistyles: '~0.1.3',
75 silly resolved        archy: '0',
75 silly resolved        'block-stream': '0.0.7',
75 silly resolved        'child-process-close': '~0.1.1',
75 silly resolved        chmodr: '~0.1.0',
75 silly resolved        chownr: '0',
75 silly resolved        'cmd-shim': '~1.1.1',
75 silly resolved        columnify: '0.1.2',
75 silly resolved        editor: '0.0.5',
75 silly resolved        fstream: '~0.1.25',
75 silly resolved        'fstream-npm': '~0.1.6',
75 silly resolved        'github-url-from-git': '1.1.1',
75 silly resolved        'github-url-from-username-repo': '~0.1.0',
75 silly resolved        glob: '~3.2.9',
75 silly resolved        'graceful-fs': '~2.0.2',
75 silly resolved        ini: '~1.1.0',
75 silly resolved        'init-package-json': '0.0.16',
75 silly resolved        lockfile: '~0.4.0',
75 silly resolved        'lru-cache': '~2.5.0',
75 silly resolved        minimatch: '~0.2.14',
75 silly resolved        mkdirp: '~0.3.5',
75 silly resolved        'node-gyp': '~0.13.0',
75 silly resolved        nopt: '~2.2.1',
75 silly resolved        'npm-install-checks': '~1.0.0',
75 silly resolved        'npm-registry-client': '~0.4.8',
75 silly resolved        'npm-user-validate': '0.0.3',
75 silly resolved        npmconf: '~0.1.15',
75 silly resolved        npmlog: '0.0.6',
75 silly resolved        once: '~1.3.0',
75 silly resolved        opener: '~1.3.0',
75 silly resolved        osenv: '0',
75 silly resolved        'path-is-inside': '~1.0.0',
75 silly resolved        read: '~1.0.4',
75 silly resolved        'read-installed': '~2.0.1',
75 silly resolved        'read-package-json': '~1.1.9',
75 silly resolved        request: '~2.30.0',
75 silly resolved        retry: '~0.6.0',
75 silly resolved        rimraf: '~2.2.5',
75 silly resolved        semver: '~2.2.1',
75 silly resolved        sha: '~1.2.1',
75 silly resolved        slide: '~1.1.5',
75 silly resolved        'sorted-object': '~1.0.0',
75 silly resolved        tar: '~0.1.19',
75 silly resolved        'text-table': '~0.2.0',
75 silly resolved        'uid-number': '0.0.5',
75 silly resolved        which: '1' },
75 silly resolved     bundleDependencies:
75 silly resolved      [ 'abbrev',
75 silly resolved        'ansi',
75 silly resolved        'ansicolors',
75 silly resolved        'ansistyles',
75 silly resolved        'archy',
75 silly resolved        'block-stream',
75 silly resolved        'child-process-close',
75 silly resolved        'chmodr',
75 silly resolved        'chownr',
75 silly resolved        'cmd-shim',
75 silly resolved        'columnify',
75 silly resolved        'editor',
75 silly resolved        'fstream',
75 silly resolved        'fstream-npm',
75 silly resolved        'github-url-from-git',
75 silly resolved        'github-url-from-username-repo',
75 silly resolved        'glob',
75 silly resolved        'graceful-fs',
75 silly resolved        'inherits',
75 silly resolved        'ini',
75 silly resolved        'init-package-json',
75 silly resolved        'lockfile',
75 silly resolved        'lru-cache',
75 silly resolved        'minimatch',
75 silly resolved        'mkdirp',
75 silly resolved        'node-gyp',
75 silly resolved        'nopt',
75 silly resolved        'normalize-package-data',
75 silly resolved        'npm-install-checks',
75 silly resolved        'npm-registry-client',
75 silly resolved        'npm-user-validate',
75 silly resolved        'npmconf',
75 silly resolved        'npmlog',
75 silly resolved        'once',
75 silly resolved        'opener',
75 silly resolved        'osenv',
75 silly resolved        'path-is-inside',
75 silly resolved        'read',
75 silly resolved        'read-installed',
75 silly resolved        'read-package-json',
75 silly resolved        'request',
75 silly resolved        'retry',
75 silly resolved        'rimraf',
75 silly resolved        'semver',
75 silly resolved        'sha',
75 silly resolved        'slide',
75 silly resolved        'sorted-object',
75 silly resolved        'tar',
75 silly resolved        'text-table',
75 silly resolved        'uid-number',
75 silly resolved        'which' ],
75 silly resolved     devDependencies:
75 silly resolved      { marked: '~0.3.2',
75 silly resolved        'npm-registry-mock': '~0.6.3',
75 silly resolved        ronn: '~0.3.6',
75 silly resolved        tap: '~0.4.9' },
75 silly resolved     engines: { node: '>=0.8', npm: '1' },
75 silly resolved     scripts:
75 silly resolved      { 'test-legacy': 'node ./test/run.js',
75 silly resolved        test: 'tap --timeout 120 test/tap/*.js',
75 silly resolved        tap: 'tap --timeout 120 test/tap/*.js',
75 silly resolved        'test-all': 'node ./test/run.js && tap test/tap/*.js',
75 silly resolved        prepublish: 'node bin/npm-cli.js prune --prefix=. --no-global && rm -rf test/*/*/node_modules && make -j32 doc',
75 silly resolved        dumpconf: 'env | grep npm | sort | uniq' },
75 silly resolved     license: 'Artistic-2.0',
75 silly resolved     man:
75 silly resolved      [ '/Volumes/1_TB_HDD/griffin/.npm/npm/1.4.10/package/man/man1/npm-README.1',
75 silly resolved        '/Volumes/1_TB_HDD/griffin/.npm/npm/1.4.10/package/man/man1/npm-adduser.1',
75 silly resolved        '/Volumes/1_TB_HDD/griffin/.npm/npm/1.4.10/package/man/man1/npm-bin.1',
75 silly resolved        '/Volumes/1_TB_HDD/griffin/.npm/npm/1.4.10/package/man/man1/npm-bugs.1',
75 silly resolved        '/Volumes/1_TB_HDD/griffin/.npm/npm/1.4.10/package/man/man1/npm-build.1',
75 silly resolved        '/Volumes/1_TB_HDD/griffin/.npm/npm/1.4.10/package/man/man1/npm-bundle.1',
75 silly resolved        '/Volumes/1_TB_HDD/griffin/.npm/npm/1.4.10/package/man/man1/npm-cache.1',
75 silly resolved        '/Volumes/1_TB_HDD/griffin/.npm/npm/1.4.10/package/man/man1/npm-completion.1',
75 silly resolved        '/Volumes/1_TB_HDD/griffin/.npm/npm/1.4.10/package/man/man1/npm-config.1',
75 silly resolved        '/Volumes/1_TB_HDD/griffin/.npm/npm/1.4.10/package/man/man1/npm-dedupe.1',
75 silly resolved        '/Volumes/1_TB_HDD/griffin/.npm/npm/1.4.10/package/man/man1/npm-deprecate.1',
75 silly resolved        '/Volumes/1_TB_HDD/griffin/.npm/npm/1.4.10/package/man/man1/npm-docs.1',
75 silly resolved        '/Volumes/1_TB_HDD/griffin/.npm/npm/1.4.10/package/man/man1/npm-edit.1',
75 silly resolved        '/Volumes/1_TB_HDD/griffin/.npm/npm/1.4.10/package/man/man1/npm-explore.1',
75 silly resolved        '/Volumes/1_TB_HDD/griffin/.npm/npm/1.4.10/package/man/man1/npm-help-search.1',
75 silly resolved        '/Volumes/1_TB_HDD/griffin/.npm/npm/1.4.10/package/man/man1/npm-help.1',
75 silly resolved        '/Volumes/1_TB_HDD/griffin/.npm/npm/1.4.10/package/man/man1/npm-init.1',
75 silly resolved        '/Volumes/1_TB_HDD/griffin/.npm/npm/1.4.10/package/man/man1/npm-install.1',
75 silly resolved        '/Volumes/1_TB_HDD/griffin/.npm/npm/1.4.10/package/man/man1/npm-link.1',
75 silly resolved        '/Volumes/1_TB_HDD/griffin/.npm/npm/1.4.10/package/man/man1/npm-ls.1',
75 silly resolved        '/Volumes/1_TB_HDD/griffin/.npm/npm/1.4.10/package/man/man1/npm-outdated.1',
75 silly resolved        '/Volumes/1_TB_HDD/griffin/.npm/npm/1.4.10/package/man/man1/npm-owner.1',
75 silly resolved        '/Volumes/1_TB_HDD/griffin/.npm/npm/1.4.10/package/man/man1/npm-pack.1',
75 silly resolved        '/Volumes/1_TB_HDD/griffin/.npm/npm/1.4.10/package/man/man1/npm-prefix.1',
75 silly resolved        '/Volumes/1_TB_HDD/griffin/.npm/npm/1.4.10/package/man/man1/npm-prune.1',
75 silly resolved        '/Volumes/1_TB_HDD/griffin/.npm/npm/1.4.10/package/man/man1/npm-publish.1',
75 silly resolved        '/Volumes/1_TB_HDD/griffin/.npm/npm/1.4.10/package/man/man1/npm-rebuild.1',
75 silly resolved        '/Volumes/1_TB_HDD/griffin/.npm/npm/1.4.10/package/man/man1/npm-repo.1',
75 silly resolved        '/Volumes/1_TB_HDD/griffin/.npm/npm/1.4.10/package/man/man1/npm-restart.1',
75 silly resolved        '/Volumes/1_TB_HDD/griffin/.npm/npm/1.4.10/package/man/man1/npm-rm.1',
75 silly resolved        '/Volumes/1_TB_HDD/griffin/.npm/npm/1.4.10/package/man/man1/npm-root.1',
75 silly resolved        '/Volumes/1_TB_HDD/griffin/.npm/npm/1.4.10/package/man/man1/npm-run-script.1',
75 silly resolved        '/Volumes/1_TB_HDD/griffin/.npm/npm/1.4.10/package/man/man1/npm-search.1',
75 silly resolved        '/Volumes/1_TB_HDD/griffin/.npm/npm/1.4.10/package/man/man1/npm-shrinkwrap.1',
75 silly resolved        '/Volumes/1_TB_HDD/griffin/.npm/npm/1.4.10/package/man/man1/npm-star.1',
75 silly resolved        '/Volumes/1_TB_HDD/griffin/.npm/npm/1.4.10/package/man/man1/npm-stars.1',
75 silly resolved        '/Volumes/1_TB_HDD/griffin/.npm/npm/1.4.10/package/man/man1/npm-start.1',
75 silly resolved        '/Volumes/1_TB_HDD/griffin/.npm/npm/1.4.10/package/man/man1/npm-stop.1',
75 silly resolved        '/Volumes/1_TB_HDD/griffin/.npm/npm/1.4.10/package/man/man1/npm-submodule.1',
75 silly resolved        '/Volumes/1_TB_HDD/griffin/.npm/npm/1.4.10/package/man/man1/npm-tag.1',
75 silly resolved        '/Volumes/1_TB_HDD/griffin/.npm/npm/1.4.10/package/man/man1/npm-test.1',
75 silly resolved        '/Volumes/1_TB_HDD/griffin/.npm/npm/1.4.10/package/man/man1/npm-uninstall.1',
75 silly resolved        '/Volumes/1_TB_HDD/griffin/.npm/npm/1.4.10/package/man/man1/npm-unpublish.1',
75 silly resolved        '/Volumes/1_TB_HDD/griffin/.npm/npm/1.4.10/package/man/man1/npm-update.1',
75 silly resolved        '/Volumes/1_TB_HDD/griffin/.npm/npm/1.4.10/package/man/man1/npm-version.1',
75 silly resolved        '/Volumes/1_TB_HDD/griffin/.npm/npm/1.4.10/package/man/man1/npm-view.1',
75 silly resolved        '/Volumes/1_TB_HDD/griffin/.npm/npm/1.4.10/package/man/man1/npm-whoami.1',
75 silly resolved        '/Volumes/1_TB_HDD/griffin/.npm/npm/1.4.10/package/man/man1/npm.1',
75 silly resolved        '/Volumes/1_TB_HDD/griffin/.npm/npm/1.4.10/package/man/man3/npm-bin.3',
75 silly resolved        '/Volumes/1_TB_HDD/griffin/.npm/npm/1.4.10/package/man/man3/npm-bugs.3',
75 silly resolved        '/Volumes/1_TB_HDD/griffin/.npm/npm/1.4.10/package/man/man3/npm-commands.3',
75 silly resolved        '/Volumes/1_TB_HDD/griffin/.npm/npm/1.4.10/package/man/man3/npm-config.3',
75 silly resolved        '/Volumes/1_TB_HDD/griffin/.npm/npm/1.4.10/package/man/man3/npm-deprecate.3',
75 silly resolved        '/Volumes/1_TB_HDD/griffin/.npm/npm/1.4.10/package/man/man3/npm-docs.3',
75 silly resolved        '/Volumes/1_TB_HDD/griffin/.npm/npm/1.4.10/package/man/man3/npm-edit.3',
75 silly resolved        '/Volumes/1_TB_HDD/griffin/.npm/npm/1.4.10/package/man/man3/npm-explore.3',
75 silly resolved        '/Volumes/1_TB_HDD/griffin/.npm/npm/1.4.10/package/man/man3/npm-help-search.3',
75 silly resolved        '/Volumes/1_TB_HDD/griffin/.npm/npm/1.4.10/package/man/man3/npm-init.3',
75 silly resolved        '/Volumes/1_TB_HDD/griffin/.npm/npm/1.4.10/package/man/man3/npm-install.3',
75 silly resolved        '/Volumes/1_TB_HDD/griffin/.npm/npm/1.4.10/package/man/man3/npm-link.3',
75 silly resolved        '/Volumes/1_TB_HDD/griffin/.npm/npm/1.4.10/package/man/man3/npm-load.3',
75 silly resolved        '/Volumes/1_TB_HDD/griffin/.npm/npm/1.4.10/package/man/man3/npm-ls.3',
75 silly resolved        '/Volumes/1_TB_HDD/griffin/.npm/npm/1.4.10/package/man/man3/npm-outdated.3',
75 silly resolved        '/Volumes/1_TB_HDD/griffin/.npm/npm/1.4.10/package/man/man3/npm-owner.3',
75 silly resolved        '/Volumes/1_TB_HDD/griffin/.npm/npm/1.4.10/package/man/man3/npm-pack.3',
75 silly resolved        '/Volumes/1_TB_HDD/griffin/.npm/npm/1.4.10/package/man/man3/npm-prefix.3',
75 silly resolved        '/Volumes/1_TB_HDD/griffin/.npm/npm/1.4.10/package/man/man3/npm-prune.3',
75 silly resolved        '/Volumes/1_TB_HDD/griffin/.npm/npm/1.4.10/package/man/man3/npm-publish.3',
75 silly resolved        '/Volumes/1_TB_HDD/griffin/.npm/npm/1.4.10/package/man/man3/npm-rebuild.3',
75 silly resolved        '/Volumes/1_TB_HDD/griffin/.npm/npm/1.4.10/package/man/man3/npm-repo.3',
75 silly resolved        '/Volumes/1_TB_HDD/griffin/.npm/npm/1.4.10/package/man/man3/npm-restart.3',
75 silly resolved        '/Volumes/1_TB_HDD/griffin/.npm/npm/1.4.10/package/man/man3/npm-root.3',
75 silly resolved        '/Volumes/1_TB_HDD/griffin/.npm/npm/1.4.10/package/man/man3/npm-run-script.3',
75 silly resolved        '/Volumes/1_TB_HDD/griffin/.npm/npm/1.4.10/package/man/man3/npm-search.3',
75 silly resolved        '/Volumes/1_TB_HDD/griffin/.npm/npm/1.4.10/package/man/man3/npm-shrinkwrap.3',
75 silly resolved        '/Volumes/1_TB_HDD/griffin/.npm/npm/1.4.10/package/man/man3/npm-start.3',
75 silly resolved        '/Volumes/1_TB_HDD/griffin/.npm/npm/1.4.10/package/man/man3/npm-stop.3',
75 silly resolved        '/Volumes/1_TB_HDD/griffin/.npm/npm/1.4.10/package/man/man3/npm-submodule.3',
75 silly resolved        '/Volumes/1_TB_HDD/griffin/.npm/npm/1.4.10/package/man/man3/npm-tag.3',
75 silly resolved        '/Volumes/1_TB_HDD/griffin/.npm/npm/1.4.10/package/man/man3/npm-test.3',
75 silly resolved        '/Volumes/1_TB_HDD/griffin/.npm/npm/1.4.10/package/man/man3/npm-uninstall.3',
75 silly resolved        '/Volumes/1_TB_HDD/griffin/.npm/npm/1.4.10/package/man/man3/npm-unpublish.3',
75 silly resolved        '/Volumes/1_TB_HDD/griffin/.npm/npm/1.4.10/package/man/man3/npm-update.3',
75 silly resolved        '/Volumes/1_TB_HDD/griffin/.npm/npm/1.4.10/package/man/man3/npm-version.3',
75 silly resolved        '/Volumes/1_TB_HDD/griffin/.npm/npm/1.4.10/package/man/man3/npm-view.3',
75 silly resolved        '/Volumes/1_TB_HDD/griffin/.npm/npm/1.4.10/package/man/man3/npm-whoami.3',
75 silly resolved        '/Volumes/1_TB_HDD/griffin/.npm/npm/1.4.10/package/man/man3/npm.3',
75 silly resolved        '/Volumes/1_TB_HDD/griffin/.npm/npm/1.4.10/package/man/man5/npm-folders.5',
75 silly resolved        '/Volumes/1_TB_HDD/griffin/.npm/npm/1.4.10/package/man/man5/npm-global.5',
75 silly resolved        '/Volumes/1_TB_HDD/griffin/.npm/npm/1.4.10/package/man/man5/npm-json.5',
75 silly resolved        '/Volumes/1_TB_HDD/griffin/.npm/npm/1.4.10/package/man/man5/npmrc.5',
75 silly resolved        '/Volumes/1_TB_HDD/griffin/.npm/npm/1.4.10/package/man/man5/package.json.5',
75 silly resolved        '/Volumes/1_TB_HDD/griffin/.npm/npm/1.4.10/package/man/man7/npm-coding-style.7',
75 silly resolved        '/Volumes/1_TB_HDD/griffin/.npm/npm/1.4.10/package/man/man7/npm-config.7',
75 silly resolved        '/Volumes/1_TB_HDD/griffin/.npm/npm/1.4.10/package/man/man7/npm-developers.7',
75 silly resolved        '/Volumes/1_TB_HDD/griffin/.npm/npm/1.4.10/package/man/man7/npm-disputes.7',
75 silly resolved        '/Volumes/1_TB_HDD/griffin/.npm/npm/1.4.10/package/man/man7/npm-faq.7',
75 silly resolved        '/Volumes/1_TB_HDD/griffin/.npm/npm/1.4.10/package/man/man7/npm-index.7',
75 silly resolved        '/Volumes/1_TB_HDD/griffin/.npm/npm/1.4.10/package/man/man7/npm-registry.7',
75 silly resolved        '/Volumes/1_TB_HDD/griffin/.npm/npm/1.4.10/package/man/man7/npm-scripts.7',
75 silly resolved        '/Volumes/1_TB_HDD/griffin/.npm/npm/1.4.10/package/man/man7/removing-npm.7',
75 silly resolved        '/Volumes/1_TB_HDD/griffin/.npm/npm/1.4.10/package/man/man7/semver.7' ],
75 silly resolved     contributors:
75 silly resolved      [ [Object],
75 silly resolved        [Object],
75 silly resolved        [Object],
75 silly resolved        [Object],
75 silly resolved        [Object],
75 silly resolved        [Object],
75 silly resolved        [Object],
75 silly resolved        [Object],
75 silly resolved        [Object],
75 silly resolved        [Object],
75 silly resolved        [Object],
75 silly resolved        [Object],
75 silly resolved        [Object],
75 silly resolved        [Object],
75 silly resolved        [Object],
75 silly resolved        [Object],
75 silly resolved        [Object],
75 silly resolved        [Object],
75 silly resolved        [Object],
75 silly resolved        [Object],
75 silly resolved        [Object],
75 silly resolved        [Object],
75 silly resolved        [Object],
75 silly resolved        [Object],
75 silly resolved        [Object],
75 silly resolved        [Object],
75 silly resolved        [Object],
75 silly resolved        [Object],
75 silly resolved        [Object],
75 silly resolved        [Object],
75 silly resolved        [Object],
75 silly resolved        [Object],
75 silly resolved        [Object],
75 silly resolved        [Object],
75 silly resolved        [Object],
75 silly resolved        [Object],
75 silly resolved        [Object],
75 silly resolved        [Object],
75 silly resolved        [Object],
75 silly resolved        [Object],
75 silly resolved        [Object],
75 silly resolved        [Object],
75 silly resolved        [Object],
75 silly resolved        [Object],
75 silly resolved        [Object],
75 silly resolved        [Object],
75 silly resolved        [Object],
75 silly resolved        [Object],
75 silly resolved        [Object],
75 silly resolved        [Object],
75 silly resolved        [Object],
75 silly resolved        [Object],
75 silly resolved        [Object],
75 silly resolved        [Object],
75 silly resolved        [Object],
75 silly resolved        [Object],
75 silly resolved        [Object],
75 silly resolved        [Object],
75 silly resolved        [Object],
75 silly resolved        [Object],
75 silly resolved        [Object],
75 silly resolved        [Object],
75 silly resolved        [Object],
75 silly resolved        [Object],
75 silly resolved        [Object],
75 silly resolved        [Object],
75 silly resolved        [Object],
75 silly resolved        [Object],
75 silly resolved        [Object],
75 silly resolved        [Object],
75 silly resolved        [Object],
75 silly resolved        [Object],
75 silly resolved        [Object],
75 silly resolved        [Object],
75 silly resolved        [Object],
75 silly resolved        [Object],
75 silly resolved        [Object],
75 silly resolved        [Object],
75 silly resolved        [Object],
75 silly resolved        [Object],
75 silly resolved        [Object],
75 silly resolved        [Object],
75 silly resolved        [Object],
75 silly resolved        [Object],
75 silly resolved        [Object],
75 silly resolved        [Object],
75 silly resolved        [Object],
75 silly resolved        [Object],
75 silly resolved        [Object],
75 silly resolved        [Object],
75 silly resolved        [Object],
75 silly resolved        [Object],
75 silly resolved        [Object],
75 silly resolved        [Object],
75 silly resolved        [Object],
75 silly resolved        [Object],
75 silly resolved        [Object],
75 silly resolved        [Object],
75 silly resolved        [Object],
75 silly resolved        [Object],
75 silly resolved        [Object],
75 silly resolved        [Object],
75 silly resolved        [Object],
75 silly resolved        [Object],
75 silly resolved        [Object],
75 silly resolved        [Object],
75 silly resolved        [Object],
75 silly resolved        [Object],
75 silly resolved        [Object],
75 silly resolved        [Object],
75 silly resolved        [Object],
75 silly resolved        [Object],
75 silly resolved        [Object],
75 silly resolved        [Object],
75 silly resolved        [Object],
75 silly resolved        [Object],
75 silly resolved        [Object],
75 silly resolved        [Object],
75 silly resolved        [Object],
75 silly resolved        [Object],
75 silly resolved        [Object],
75 silly resolved        [Object],
75 silly resolved        [Object],
75 silly resolved        [Object],
75 silly resolved        [Object],
75 silly resolved        [Object],
75 silly resolved        [Object],
75 silly resolved        [Object],
75 silly resolved        [Object],
75 silly resolved        [Object],
75 silly resolved        [Object],
75 silly resolved        [Object],
75 silly resolved        [Object],
75 silly resolved        [Object],
75 silly resolved        [Object],
75 silly resolved        [Object],
75 silly resolved        [Object],
75 silly resolved        [Object],
75 silly resolved        [Object],
75 silly resolved        [Object],
75 silly resolved        [Object],
75 silly resolved        [Object],
75 silly resolved        [Object],
75 silly resolved        [Object],
75 silly resolved        [Object],
75 silly resolved        [Object],
75 silly resolved        [Object],
75 silly resolved        [Object],
75 silly resolved        [Object],
75 silly resolved        [Object],
75 silly resolved        [Object],
75 silly resolved        [Object],
75 silly resolved        [Object],
75 silly resolved        [Object],
75 silly resolved        [Object],
75 silly resolved        [Object],
75 silly resolved        [Object] ],
75 silly resolved     readme: 'npm(1) -- node package manager\n==============================\n[![Build Status](https://img.shields.io/travis/npm/npm/master.svg)](https://travis-ci.org/npm/npm)\n## SYNOPSIS\n\nThis is just enough info to get you up and running.\n\nMuch more info available via `npm help` once it\'s installed.\n\n## IMPORTANT\n\n**You need node v0.8 or higher to run this program.**\n\nTo install an old **and unsupported** version of npm that works on node 0.3\nand prior, clone the git repo and dig through the old tags and branches.\n\n## Super Easy Install\n\nnpm comes with node now.\n\n### Windows Computers\n\nGet the MSI.  npm is in it.\n\n### Apple Macintosh Computers\n\nGet the pkg.  npm is in it.\n\n### Other Sorts of Unices\n\nRun `make install`.  npm will be installed with node.\n\nIf you want a more fancy pants install (a different version, customized\npaths, etc.) then read on.\n\n## Fancy Install (Unix)\n\nThere\'s a pretty robust install script at\n<https://www.npmjs.org/install.sh>.  You can download that and run it.\n\nHere\'s an example using curl:\n\n    curl -L https://npmjs.org/install.sh | sh\n\n### Slightly Fancier\n\nYou can set any npm configuration params with that script:\n\n    npm_config_prefix=/some/path sh install.sh\n\nOr, you can run it in uber-debuggery mode:\n\n    npm_debug=1 sh install.sh\n\n### Even Fancier\n\nGet the code with git.  Use `make` to build the docs and do other stuff.\nIf you plan on hacking on npm, `make link` is your friend.\n\nIf you\'ve got the npm source code, you can also semi-permanently set\narbitrary config keys using the `./configure --key=val ...`, and then\nrun npm commands by doing `node cli.js <cmd> <args>`.  (This is helpful\nfor testing, or running stuff without actually installing npm itself.)\n\n## Fancy Windows Install\n\nYou can download a zip file from <https://npmjs.org/dist/>, and unpack it\nin the same folder where node.exe lives.\n\nIf that\'s not fancy enough for you, then you can fetch the code with\ngit, and mess with it directly.\n\n## Installing on Cygwin\n\nNo.\n\n## Permissions when Using npm to Install Other Stuff\n\n**tl;dr**\n\n* Use `sudo` for greater safety.  Or don\'t, if you prefer not to.\n* npm will downgrade permissions if it\'s root before running any build\n  scripts that package authors specified.\n\n### More details...\n\nAs of version 0.3, it is recommended to run npm as root.\nThis allows npm to change the user identifier to the `nobody` user prior\nto running any package build or test commands.\n\nIf you are not the root user, or if you are on a platform that does not\nsupport uid switching, then npm will not attempt to change the userid.\n\nIf you would like to ensure that npm **always** runs scripts as the\n"nobody" user, and have it fail if it cannot downgrade permissions, then\nset the following configuration param:\n\n    npm config set unsafe-perm false\n\nThis will prevent running in unsafe mode, even as non-root users.\n\n## Uninstalling\n\nSo sad to see you go.\n\n    sudo npm uninstall npm -g\n\nOr, if that fails,\n\n    sudo make uninstall\n\n## More Severe Uninstalling\n\nUsually, the above instructions are sufficient.  That will remove\nnpm, but leave behind anything you\'ve installed.\n\nIf you would like to remove all the packages that you have installed,\nthen you can use the `npm ls` command to find them, and then `npm rm` to\nremove them.\n\nTo remove cruft left behind by npm 0.x, you can use the included\n`clean-old.sh` script file.  You can run it conveniently like this:\n\n    npm explore npm -g -- sh scripts/clean-old.sh\n\nnpm uses two configuration files, one for per-user configs, and another\nfor global (every-user) configs.  You can view them by doing:\n\n    npm config get userconfig   # defaults to ~/.npmrc\n    npm config get globalconfig # defaults to /usr/local/etc/npmrc\n\nUninstalling npm does not remove configuration files by default.  You\nmust remove them yourself manually if you want them gone.  Note that\nthis means that future npm installs will not remember the settings that\nyou have chosen.\n\n## Using npm Programmatically\n\nIf you would like to use npm programmatically, you can do that.\nIt\'s not very well documented, but it *is* rather simple.\n\nMost of the time, unless you actually want to do all the things that\nnpm does, you should try using one of npm\'s dependencies rather than\nusing npm itself, if possible.\n\nEventually, npm will be just a thin cli wrapper around the modules\nthat it depends on, but for now, there are some things that you must\nuse npm itself to do.\n\n    var npm = require("npm")\n    npm.load(myConfigObject, function (er) {\n      if (er) return handlError(er)\n      npm.commands.install(["some", "args"], function (er, data) {\n        if (er) return commandFailed(er)\n        // command succeeded, and data might have some info\n      })\n      npm.on("log", function (message) { .... })\n    })\n\nThe `load` function takes an object hash of the command-line configs.\nThe various `npm.commands.<cmd>` functions take an **array** of\npositional argument **strings**.  The last argument to any\n`npm.commands.<cmd>` function is a callback.  Some commands take other\noptional arguments.  Read the source.\n\nYou cannot set configs individually for any single npm function at this\ntime.  Since `npm` is a singleton, any call to `npm.config.set` will\nchange the value for *all* npm commands in that process.\n\nSee `./bin/npm-cli.js` for an example of pulling config values off of the\ncommand line arguments using nopt.  You may also want to check out `npm\nhelp config` to learn about all the options you can set there.\n\n## More Docs\n\nCheck out the [docs](https://www.npmjs.org/doc/),\nespecially the [faq](https://www.npmjs.org/doc/faq.html).\n\nYou can use the `npm help` command to read any of them.\n\nIf you\'re a developer, and you want to use npm to publish your program,\nyou should [read this](https://www.npmjs.org/doc/developers.html)\n\n## Legal Stuff\n\n"npm" and "The npm Registry" are owned by npm, Inc.\nAll rights reserved.  See the included LICENSE file for more details.\n\n"Node.js" and "node" are trademarks owned by Joyent, Inc.\n\nModules published on the npm registry are not officially endorsed by\nnpm, Inc. or the Node.js project.\n\nData published to the npm registry is not part of npm itself, and is\nthe sole property of the publisher.  While every effort is made to\nensure accountability, there is absolutely no guarantee, warrantee, or\nassertion expressed or implied as to the quality, fitness for a\nspecific purpose, or lack of malice in any given npm package.\n\nIf you have a complaint about a package in the public npm registry,\nand cannot [resolve it with the package\nowner](https://www.npmjs.org/doc/misc/npm-disputes.html), please email\n<support@npmjs.com> and explain the situation.\n\nAny data published to The npm Registry (including user account\ninformation) may be removed or modified at the sole discretion of the\nnpm server administrators.\n\n### In plainer english\n\nnpm is the property of npm, Inc.\n\nIf you publish something, it\'s yours, and you are solely accountable\nfor it.\n\nIf other people publish something, it\'s theirs.\n\nUsers can publish Bad Stuff.  It will be removed promptly if reported.\nBut there is no vetting process for published modules, and you use\nthem at your own risk.  Please inspect the source.\n\nIf you publish Bad Stuff, we may delete it from the registry, or even\nban your account in extreme cases.  So don\'t do that.\n\n## BUGS\n\nWhen you find issues, please report them:\n\n* web:\n  <https://github.com/npm/npm/issues>\n* email:\n  <npm-@googlegroups.com>\n\nBe sure to include *all* of the output from the npm command that didn\'t work\nas expected.  The `npm-debug.log` file is also helpful to provide.\n\nYou can also look for isaacs in #node.js on irc://irc.freenode.net.  He\nwill no doubt tell you to put the output in a gist or email.\n\n## SEE ALSO\n\n* npm(1)\n* npm-faq(7)\n* npm-help(1)\n* npm-index(7)\n',
75 silly resolved     readmeFilename: 'README.md',
75 silly resolved     _id: 'npm@1.4.10',
75 silly resolved     _shasum: '4f8edd5e8cfb55cd2755ac6505593c2b4d5510f8',
75 silly resolved     _from: 'npm@1.4.10',
75 silly resolved     _resolved: 'https://registry.npmjs.org/npm/-/npm-1.4.10.tgz' } ]
76 info install npm@1.4.10 into /usr/local/lib
77 info installOne npm@1.4.10
78 info /usr/local/lib/node_modules/phonegap/node_modules/cordova/node_modules/plugman/node_modules/npm unbuild
79 info preuninstall npm@1.3.4
80 info /usr/local/lib/node_modules/cordova/node_modules/plugman/node_modules/npm unbuild
81 info preuninstall npm@1.3.4
82 info /usr/local/lib/node_modules/npm unbuild
83 info preuninstall npm@1.4.9
84 info uninstall npm@1.3.4
85 info uninstall npm@1.3.4
86 info uninstall npm@1.4.9
87 verbose false,/usr/local/lib/node_modules,/usr/local/lib/node_modules/phonegap/node_modules/cordova/node_modules/plugman/node_modules unbuild npm@1.3.4
88 verbose /usr/local/lib/node_modules/phonegap/node_modules/cordova/node_modules/plugman/node_modules/.bin,[object Object] binRoot
89 verbose false,/usr/local/lib/node_modules,/usr/local/lib/node_modules/cordova/node_modules/plugman/node_modules unbuild npm@1.3.4
90 verbose /usr/local/lib/node_modules/cordova/node_modules/plugman/node_modules/.bin,[object Object] binRoot
91 verbose true,/usr/local/lib/node_modules,/usr/local/lib/node_modules unbuild npm@1.4.9
92 verbose /usr/local/bin,[object Object] binRoot
93 info /usr/local/lib/node_modules/phonegap/node_modules/cordova/node_modules/plugman/node_modules/npm unbuild
94 info /usr/local/lib/node_modules/cordova/node_modules/plugman/node_modules/npm unbuild
95 info postuninstall npm@1.4.9
96 info preuninstall npm@1.3.4
97 info preuninstall npm@1.3.4
98 info uninstall npm@1.3.4
99 info uninstall npm@1.3.4
100 verbose false,/usr/local/lib/node_modules,/usr/local/lib/node_modules/phonegap/node_modules/cordova/node_modules/plugman/node_modules unbuild npm@1.3.4
101 verbose /usr/local/lib/node_modules/phonegap/node_modules/cordova/node_modules/plugman/node_modules/.bin,[object Object] binRoot
102 verbose false,/usr/local/lib/node_modules,/usr/local/lib/node_modules/cordova/node_modules/plugman/node_modules unbuild npm@1.3.4
103 verbose /usr/local/lib/node_modules/cordova/node_modules/plugman/node_modules/.bin,[object Object] binRoot
104 error error rolling back Error: EACCES, unlink '/usr/local/lib/node_modules/phonegap/node_modules/cordova/node_modules/plugman/node_modules/.bin/npm'
104 error error rolling back  npm@1.3.4 { [Error: EACCES, unlink '/usr/local/lib/node_modules/phonegap/node_modules/cordova/node_modules/plugman/node_modules/.bin/npm']
104 error error rolling back   errno: 3,
104 error error rolling back   code: 'EACCES',
104 error error rolling back   path: '/usr/local/lib/node_modules/phonegap/node_modules/cordova/node_modules/plugman/node_modules/.bin/npm' }
105 error Error: EACCES, unlink '/usr/local/lib/node_modules/phonegap/node_modules/cordova/node_modules/plugman/node_modules/.bin/npm'
105 error  { [Error: EACCES, unlink '/usr/local/lib/node_modules/phonegap/node_modules/cordova/node_modules/plugman/node_modules/.bin/npm']
105 error   errno: 3,
105 error   code: 'EACCES',
105 error   path: '/usr/local/lib/node_modules/phonegap/node_modules/cordova/node_modules/plugman/node_modules/.bin/npm' }
106 error Please try running this command again as root/Administrator.
107 error System Darwin 13.1.0
108 error command "node" "/usr/local/bin/npm" "update" "npm" "-g"
109 error cwd /private/var/www/Auditory_Implant_Initiative_V2
110 error node -v v0.10.28
111 error npm -v 1.4.9
112 error path /usr/local/lib/node_modules/phonegap/node_modules/cordova/node_modules/plugman/node_modules/.bin/npm
113 error code EACCES
114 error errno 3
115 error stack Error: EACCES, unlink '/usr/local/lib/node_modules/phonegap/node_modules/cordova/node_modules/plugman/node_modules/.bin/npm'
116 verbose exit [ 3, true ]
